0 verbose cli /usr/local/bin/node /usr/local/bin/npm
1 info using npm@9.6.7
2 info using node@v18.17.0
3 timing npm:load:whichnode Completed in 1ms
4 timing config:load:defaults Completed in 2ms
5 timing config:load:file:/usr/local/lib/node_modules/npm/npmrc Completed in 1ms
6 timing config:load:builtin Completed in 1ms
7 timing config:load:cli Completed in 2ms
8 timing config:load:env Completed in 0ms
9 timing config:load:file:/Users/lukeaustin/Library/Caches/typescript/4.7/.npmrc Completed in 0ms
10 timing config:load:project Completed in 0ms
11 timing config:load:file:/Users/lukeaustin/.npmrc Completed in 0ms
12 timing config:load:user Completed in 1ms
13 timing config:load:file:/usr/local/etc/npmrc Completed in 0ms
14 timing config:load:global Completed in 0ms
15 timing config:load:setEnvs Completed in 1ms
16 timing config:load Completed in 8ms
17 timing npm:load:configload Completed in 8ms
18 timing npm:load:mkdirpcache Completed in 0ms
19 timing npm:load:mkdirplogs Completed in 0ms
20 verbose title npm install @types/babel__code-frame@ts4.7 @types/babel__core@ts4.7 @types/semver@ts4.7 @types/babel__generator@ts4.7 @types/babel__template@ts4.7 @types/babel__traverse@ts4.7 @types/gensync@ts4.7 @types/node@ts4.7
21 verbose argv "install" "--ignore-scripts" "@types/babel__code-frame@ts4.7" "@types/babel__core@ts4.7" "@types/semver@ts4.7" "@types/babel__generator@ts4.7" "@types/babel__template@ts4.7" "@types/babel__traverse@ts4.7" "@types/gensync@ts4.7" "@types/node@ts4.7" "--save-dev" "--user-agent" "typesInstaller/4.7.3"
22 timing npm:load:setTitle Completed in 11ms
23 timing config:load:flatten Completed in 3ms
24 timing npm:load:display Completed in 4ms
25 verbose logfile logs-max:10 dir:/Users/lukeaustin/.npm/_logs/2023-07-24T19_56_39_412Z-
26 verbose logfile /Users/lukeaustin/.npm/_logs/2023-07-24T19_56_39_412Z-debug-0.log
27 timing npm:load:logFile Completed in 8ms
28 timing npm:load:timers Completed in 0ms
29 timing npm:load:configScope Completed in 0ms
30 timing npm:load Completed in 32ms
31 timing arborist:ctor Completed in 0ms
32 silly logfile done cleaning log files
33 timing idealTree:init Completed in 23ms
34 timing arborist:ctor Completed in 0ms
35 http fetch GET 200 https://registry.npmjs.org/@types%2fnode 64ms (cache hit)
36 http fetch GET 200 https://registry.npmjs.org/@types%2fbabel__template 137ms (cache miss)
37 http fetch GET 200 https://registry.npmjs.org/@types%2fbabel__core 138ms (cache miss)
38 http fetch GET 200 https://registry.npmjs.org/@types%2fbabel__traverse 165ms (cache miss)
39 http fetch GET 200 https://registry.npmjs.org/@types%2fbabel__generator 166ms (cache miss)
40 http fetch GET 200 https://registry.npmjs.org/@types%2fbabel__code-frame 1005ms (cache miss)
41 http fetch GET 200 https://registry.npmjs.org/@types%2fsemver 1006ms (cache miss)
42 http fetch GET 200 https://registry.npmjs.org/@types%2fgensync 1405ms (cache miss)
43 timing idealTree:userRequests Completed in 1413ms
44 silly idealTree buildDeps
45 silly fetch manifest @types/node@20.4.4
46 silly fetch manifest @types/babel__template@7.4.1
47 silly fetch manifest @types/babel__core@7.20.1
48 silly fetch manifest @types/babel__traverse@7.20.1
49 silly fetch manifest @types/babel__generator@7.6.4
50 silly fetch manifest @types/babel__code-frame@7.0.3
51 silly fetch manifest @types/semver@7.5.0
52 silly fetch manifest @types/gensync@1.0.0
53 silly placeDep ROOT @types/babel__code-frame@7.0.3 OK for:  want: 7.0.3
54 silly placeDep ROOT @types/babel__core@7.20.1 OK for:  want: 7.20.1
55 silly fetch manifest @babel/parser@^7.20.7
56 silly fetch manifest @babel/types@^7.20.7
57 silly fetch manifest @types/babel__generator@*
58 silly fetch manifest @types/babel__template@*
59 silly fetch manifest @types/babel__traverse@*
60 silly placeDep ROOT @types/babel__generator@7.6.4 OK for:  want: 7.6.4
61 silly fetch manifest @babel/types@^7.0.0
62 silly placeDep ROOT @types/babel__template@7.4.1 OK for:  want: 7.4.1
63 silly fetch manifest @babel/parser@^7.1.0
64 silly placeDep ROOT @types/babel__traverse@7.20.1 OK for:  want: 7.20.1
65 silly placeDep ROOT @types/gensync@1.0.0 OK for:  want: 1.0.0
66 silly placeDep ROOT @types/node@20.4.4 OK for:  want: 20.4.4
67 silly placeDep ROOT @types/semver@7.5.0 OK for:  want: 7.5.0
68 http fetch GET 200 https://registry.npmjs.org/@babel%2fparser 8ms (cache hit)
69 http fetch GET 200 https://registry.npmjs.org/@babel%2fparser 16ms (cache hit)
70 http fetch GET 200 https://registry.npmjs.org/@babel%2ftypes 15ms (cache hit)
71 http fetch GET 200 https://registry.npmjs.org/@babel%2ftypes 20ms (cache hit)
72 timing idealTree:#root Completed in 35ms
73 timing idealTree:node_modules/@types/babel__code-frame Completed in 0ms
74 silly placeDep ROOT @babel/parser@7.22.7 OK for: @types/babel__core@7.20.1 want: ^7.20.7
75 silly placeDep ROOT @babel/types@7.22.5 OK for: @types/babel__core@7.20.1 want: ^7.20.7
76 silly fetch manifest @babel/helper-string-parser@^7.22.5
77 silly fetch manifest @babel/helper-validator-identifier@^7.22.5
78 silly fetch manifest to-fast-properties@^2.0.0
79 http fetch GET 200 https://registry.npmjs.org/@babel%2fhelper-string-parser 4ms (cache hit)
80 http fetch GET 200 https://registry.npmjs.org/to-fast-properties 4ms (cache hit)
81 http fetch GET 200 https://registry.npmjs.org/@babel%2fhelper-validator-identifier 5ms (cache hit)
82 timing idealTree:node_modules/@types/babel__core Completed in 9ms
83 timing idealTree:node_modules/@babel/parser Completed in 0ms
84 silly placeDep ROOT @babel/helper-string-parser@7.22.5 OK for: @babel/types@7.22.5 want: ^7.22.5
85 silly placeDep ROOT @babel/helper-validator-identifier@7.22.5 OK for: @babel/types@7.22.5 want: ^7.22.5
86 silly placeDep ROOT to-fast-properties@2.0.0 OK for: @babel/types@7.22.5 want: ^2.0.0
87 timing idealTree:node_modules/@babel/types Completed in 3ms
88 timing idealTree:node_modules/@babel/helper-string-parser Completed in 0ms
89 timing idealTree:node_modules/@babel/helper-validator-identifier Completed in 0ms
90 timing idealTree:node_modules/@types/babel__generator Completed in 0ms
91 timing idealTree:node_modules/@types/babel__template Completed in 0ms
92 timing idealTree:node_modules/@types/babel__traverse Completed in 0ms
93 timing idealTree:node_modules/@types/gensync Completed in 0ms
94 timing idealTree:node_modules/@types/node Completed in 0ms
95 timing idealTree:node_modules/@types/semver Completed in 0ms
96 timing idealTree:node_modules/to-fast-properties Completed in 0ms
97 timing idealTree:buildDeps Completed in 48ms
98 timing idealTree:fixDepFlags Completed in 0ms
99 timing idealTree Completed in 1486ms
100 timing reify:loadTrees Completed in 1487ms
101 timing reify:diffTrees Completed in 1ms
102 silly reify moves {}
103 timing reify:retireShallow Completed in 0ms
104 timing reify:createSparse Completed in 1ms
105 timing reify:loadBundles Completed in 0ms
106 silly audit bulk request {
106 silly audit   '@types/eslint': [ '8.44.0' ],
106 silly audit   '@types/estree': [ '1.0.1' ],
106 silly audit   '@types/json-schema': [ '7.0.12' ],
106 silly audit   '@types/prop-types': [ '15.7.5' ],
106 silly audit   '@types/react': [ '18.2.15' ],
106 silly audit   '@types/react-dom': [ '18.2.7' ],
106 silly audit   '@types/scheduler': [ '0.16.3' ],
106 silly audit   csstype: [ '3.1.2' ],
106 silly audit   'types-registry': [ '0.1.653' ],
106 silly audit   '@types/babel__code-frame': [ '7.0.3' ],
106 silly audit   '@types/babel__core': [ '7.20.1' ],
106 silly audit   '@types/babel__generator': [ '7.6.4' ],
106 silly audit   '@types/babel__template': [ '7.4.1' ],
106 silly audit   '@types/babel__traverse': [ '7.20.1' ],
106 silly audit   '@types/gensync': [ '1.0.0' ],
106 silly audit   '@types/node': [ '20.4.4' ],
106 silly audit   '@types/semver': [ '7.5.0' ],
106 silly audit   '@babel/parser': [ '7.22.7' ],
106 silly audit   '@babel/types': [ '7.22.5' ],
106 silly audit   '@babel/helper-string-parser': [ '7.22.5' ],
106 silly audit   '@babel/helper-validator-identifier': [ '7.22.5' ],
106 silly audit   'to-fast-properties': [ '2.0.0' ]
106 silly audit }
107 silly tarball no local data for @types/node@https://registry.npmjs.org/@types/node/-/node-20.4.4.tgz. Extracting by manifest.
108 silly tarball no local data for @types/babel__traverse@https://registry.npmjs.org/@types/babel__traverse/-/babel__traverse-7.20.1.tgz. Extracting by manifest.
109 silly tarball no local data for @types/gensync@https://registry.npmjs.org/@types/gensync/-/gensync-1.0.0.tgz. Extracting by manifest.
110 silly tarball no local data for @types/babel__template@https://registry.npmjs.org/@types/babel__template/-/babel__template-7.4.1.tgz. Extracting by manifest.
111 silly tarball no local data for @types/babel__generator@https://registry.npmjs.org/@types/babel__generator/-/babel__generator-7.6.4.tgz. Extracting by manifest.
112 silly tarball no local data for @types/babel__core@https://registry.npmjs.org/@types/babel__core/-/babel__core-7.20.1.tgz. Extracting by manifest.
113 silly tarball no local data for @types/semver@https://registry.npmjs.org/@types/semver/-/semver-7.5.0.tgz. Extracting by manifest.
114 silly tarball no local data for @types/babel__code-frame@https://registry.npmjs.org/@types/babel__code-frame/-/babel__code-frame-7.0.3.tgz. Extracting by manifest.
115 timing reifyNode:node_modules/to-fast-properties Completed in 53ms
116 timing reifyNode:node_modules/@babel/helper-string-parser Completed in 58ms
117 timing reifyNode:node_modules/@babel/helper-validator-identifier Completed in 64ms
118 http fetch GET 200 https://registry.npmjs.org/@types/babel__generator/-/babel__generator-7.6.4.tgz 57ms (cache miss)
119 timing reifyNode:node_modules/@types/babel__generator Completed in 66ms
120 http fetch GET 200 https://registry.npmjs.org/@types/babel__template/-/babel__template-7.4.1.tgz 60ms (cache miss)
121 timing reifyNode:node_modules/@types/babel__template Completed in 68ms
122 http fetch GET 200 https://registry.npmjs.org/@types/babel__core/-/babel__core-7.20.1.tgz 59ms (cache miss)
123 timing reifyNode:node_modules/@types/babel__core Completed in 68ms
124 http fetch GET 200 https://registry.npmjs.org/@types/babel__traverse/-/babel__traverse-7.20.1.tgz 61ms (cache miss)
125 timing reifyNode:node_modules/@types/babel__traverse Completed in 69ms
126 timing reifyNode:node_modules/@babel/parser Completed in 116ms
127 http fetch GET 200 https://registry.npmjs.org/@types/babel__code-frame/-/babel__code-frame-7.0.3.tgz 116ms (cache miss)
128 timing reifyNode:node_modules/@types/babel__code-frame Completed in 126ms
129 http fetch GET 200 https://registry.npmjs.org/@types/semver/-/semver-7.5.0.tgz 121ms (cache miss)
130 timing reifyNode:node_modules/@types/semver Completed in 131ms
131 timing reifyNode:node_modules/@babel/types Completed in 133ms
132 http fetch GET 200 https://registry.npmjs.org/@types/node/-/node-20.4.4.tgz 133ms (cache miss)
133 timing reifyNode:node_modules/@types/node Completed in 140ms
134 http fetch POST 200 https://registry.npmjs.org/-/npm/v1/security/advisories/bulk 178ms
135 timing auditReport:getReport Completed in 180ms
136 silly audit report {}
137 timing auditReport:init Completed in 0ms
138 timing reify:audit Completed in 180ms
139 http fetch GET 200 https://registry.npmjs.org/@types/gensync/-/gensync-1.0.0.tgz 234ms (cache miss)
140 timing reifyNode:node_modules/@types/gensync Completed in 243ms
141 timing reify:unpack Completed in 243ms
142 timing reify:unretire Completed in 0ms
143 timing build:queue Completed in 1ms
144 timing build:link:node_modules/@babel/parser Completed in 1ms
145 timing build:link Completed in 1ms
146 timing build:deps Completed in 2ms
147 timing build Completed in 2ms
148 timing reify:build Completed in 2ms
149 timing reify:trash Completed in 0ms
150 timing reify:save Completed in 8ms
151 timing reify Completed in 1754ms
152 silly ADD node_modules/to-fast-properties
153 silly ADD node_modules/@babel/helper-validator-identifier
154 silly ADD node_modules/@babel/helper-string-parser
155 silly ADD node_modules/@babel/types
156 silly ADD node_modules/@babel/parser
157 silly ADD node_modules/@types/semver
158 silly ADD node_modules/@types/node
159 silly ADD node_modules/@types/gensync
160 silly ADD node_modules/@types/babel__traverse
161 silly ADD node_modules/@types/babel__template
162 silly ADD node_modules/@types/babel__generator
163 silly ADD node_modules/@types/babel__core
164 silly ADD node_modules/@types/babel__code-frame
165 timing command:install Completed in 1758ms
166 verbose exit 0
167 timing npm Completed in 1978ms
168 info ok
