0 verbose cli /usr/local/bin/node /usr/local/bin/npm
1 info using npm@9.6.7
2 info using node@v18.17.0
3 timing npm:load:whichnode Completed in 1ms
4 timing config:load:defaults Completed in 1ms
5 timing config:load:file:/usr/local/lib/node_modules/npm/npmrc Completed in 0ms
6 timing config:load:builtin Completed in 1ms
7 timing config:load:cli Completed in 2ms
8 timing config:load:env Completed in 0ms
9 timing config:load:file:/Users/lukeaustin/Desktop/3D Portfolio/.npmrc Completed in 0ms
10 timing config:load:project Completed in 1ms
11 timing config:load:file:/Users/lukeaustin/.npmrc Completed in 0ms
12 timing config:load:user Completed in 0ms
13 timing config:load:file:/usr/local/etc/npmrc Completed in 0ms
14 timing config:load:global Completed in 0ms
15 timing config:load:setEnvs Completed in 1ms
16 timing config:load Completed in 6ms
17 timing npm:load:configload Completed in 6ms
18 timing npm:load:mkdirpcache Completed in 0ms
19 timing npm:load:mkdirplogs Completed in 0ms
20 verbose title npm install @react-three/fiber @react-three/drei maath react-tilt react-vertical-timeline-component @emailjs/browser framer-motion react-router-dom
21 verbose argv "install" "--legacy-peer-deps" "@react-three/fiber" "@react-three/drei" "maath" "react-tilt" "react-vertical-timeline-component" "@emailjs/browser" "framer-motion" "react-router-dom"
22 timing npm:load:setTitle Completed in 8ms
23 timing config:load:flatten Completed in 2ms
24 timing npm:load:display Completed in 3ms
25 verbose logfile logs-max:10 dir:/Users/lukeaustin/.npm/_logs/2023-07-24T20_02_34_548Z-
26 verbose logfile /Users/lukeaustin/.npm/_logs/2023-07-24T20_02_34_548Z-debug-0.log
27 timing npm:load:logFile Completed in 7ms
28 timing npm:load:timers Completed in 0ms
29 timing npm:load:configScope Completed in 0ms
30 timing npm:load Completed in 26ms
31 timing arborist:ctor Completed in 0ms
32 silly logfile done cleaning log files
33 timing idealTree:init Completed in 98ms
34 timing idealTree:userRequests Completed in 2ms
35 silly idealTree buildDeps
36 silly fetch manifest @react-three/fiber@*
37 timing arborist:ctor Completed in 0ms
38 http fetch GET 200 https://registry.npmjs.org/@react-three%2ffiber 1674ms (cache miss)
39 silly fetch manifest @react-three/drei@*
40 http fetch GET 200 https://registry.npmjs.org/@react-three%2fdrei 1685ms (cache miss)
41 silly fetch manifest maath@*
42 http fetch GET 200 https://registry.npmjs.org/maath 215ms (cache miss)
43 silly fetch manifest react-tilt@*
44 http fetch GET 200 https://registry.npmjs.org/react-tilt 214ms (cache miss)
45 silly fetch manifest react-vertical-timeline-component@*
46 http fetch GET 200 https://registry.npmjs.org/react-vertical-timeline-component 220ms (cache miss)
47 silly fetch manifest @emailjs/browser@*
48 http fetch GET 200 https://registry.npmjs.org/@emailjs%2fbrowser 1114ms (cache miss)
49 silly fetch manifest framer-motion@*
50 http fetch GET 200 https://registry.npmjs.org/framer-motion 765ms (cache miss)
51 silly fetch manifest react-router-dom@*
52 http fetch GET 200 https://registry.npmjs.org/react-router-dom 38ms (cache miss)
53 silly placeDep ROOT @emailjs/browser@3.11.0 OK for: 3d-portfolio@0.0.0 want: *
54 silly placeDep ROOT @react-three/drei@9.79.3 OK for: 3d-portfolio@0.0.0 want: *
55 silly fetch manifest @babel/runtime@^7.11.2
56 silly fetch manifest @mediapipe/tasks-vision@0.10.2
57 silly fetch manifest @react-spring/three@~9.6.1
58 silly fetch manifest @use-gesture/react@^10.2.24
59 silly fetch manifest camera-controls@^2.4.2
60 silly fetch manifest detect-gpu@^5.0.28
61 silly fetch manifest glsl-noise@^0.0.0
62 silly fetch manifest lodash.clamp@^4.0.3
63 silly fetch manifest lodash.omit@^4.5.0
64 silly fetch manifest lodash.pick@^4.4.0
65 silly fetch manifest maath@^0.6.0
66 silly fetch manifest meshline@^3.1.6
67 silly fetch manifest react-composer@^5.0.3
68 silly fetch manifest react-merge-refs@^1.1.0
69 silly fetch manifest stats-gl@^1.0.4
70 silly fetch manifest stats.js@^0.17.0
71 silly fetch manifest suspend-react@^0.1.3
72 silly fetch manifest three-mesh-bvh@^0.6.0
73 silly fetch manifest three-stdlib@^2.23.9
74 silly fetch manifest troika-three-text@^0.47.2
75 silly fetch manifest utility-types@^3.10.0
76 silly fetch manifest zustand@^3.5.13
77 silly placeDep ROOT @react-three/fiber@8.13.5 OK for: 3d-portfolio@0.0.0 want: *
78 silly fetch manifest @babel/runtime@^7.17.8
79 silly fetch manifest @types/react-reconciler@^0.26.7
80 silly fetch manifest its-fine@^1.0.6
81 silly fetch manifest react-reconciler@^0.27.0
82 silly fetch manifest react-use-measure@^2.1.1
83 silly fetch manifest scheduler@^0.21.0
84 silly fetch manifest zustand@^3.7.1
85 silly placeDep ROOT framer-motion@10.13.1 OK for: 3d-portfolio@0.0.0 want: *
86 silly fetch manifest tslib@^2.4.0
87 silly fetch manifest @emotion/is-prop-valid@^0.8.2
88 silly placeDep ROOT maath@0.7.0 OK for: 3d-portfolio@0.0.0 want: *
89 silly placeDep ROOT react-router-dom@6.14.2 OK for: 3d-portfolio@0.0.0 want: *
90 silly fetch manifest @remix-run/router@1.7.2
91 silly fetch manifest react-router@6.14.2
92 silly placeDep ROOT react-tilt@1.0.2 OK for: 3d-portfolio@0.0.0 want: *
93 silly placeDep ROOT react-vertical-timeline-component@3.6.0 OK for: 3d-portfolio@0.0.0 want: *
94 silly fetch manifest classnames@^2.2.6
95 silly fetch manifest react-intersection-observer@^8.26.2
96 http fetch GET 200 https://registry.npmjs.org/@babel%2fruntime 72ms (cache miss)
97 http fetch GET 200 https://registry.npmjs.org/lodash.omit 90ms (cache miss)
98 http fetch GET 200 https://registry.npmjs.org/three-mesh-bvh 89ms (cache miss)
99 http fetch GET 200 https://registry.npmjs.org/react-composer 108ms (cache miss)
100 http fetch GET 200 https://registry.npmjs.org/detect-gpu 111ms (cache miss)
101 http fetch GET 200 https://registry.npmjs.org/lodash.clamp 125ms (cache miss)
102 http fetch GET 200 https://registry.npmjs.org/stats.js 133ms (cache miss)
103 http fetch GET 200 https://registry.npmjs.org/@babel%2fruntime 167ms (cache miss)
104 http fetch GET 200 https://registry.npmjs.org/stats-gl 314ms (cache miss)
105 http fetch GET 200 https://registry.npmjs.org/react-reconciler 406ms (cache miss)
106 http fetch GET 200 https://registry.npmjs.org/zustand 437ms (cache miss)
107 http fetch GET 200 https://registry.npmjs.org/camera-controls 715ms (cache miss)
108 http fetch GET 200 https://registry.npmjs.org/meshline 716ms (cache miss)
109 http fetch GET 200 https://registry.npmjs.org/glsl-noise 737ms (cache miss)
110 http fetch GET 200 https://registry.npmjs.org/troika-three-text 734ms (cache miss)
111 http fetch GET 200 https://registry.npmjs.org/three-stdlib 744ms (cache miss)
112 http fetch GET 200 https://registry.npmjs.org/react-merge-refs 752ms (cache miss)
113 http fetch GET 200 https://registry.npmjs.org/react-router 766ms (cache miss)
114 http fetch GET 200 https://registry.npmjs.org/classnames 783ms (cache miss)
115 http fetch GET 200 https://registry.npmjs.org/lodash.pick 794ms (cache miss)
116 http fetch GET 200 https://registry.npmjs.org/tslib 805ms (cache miss)
117 http fetch GET 200 https://registry.npmjs.org/scheduler 824ms (cache revalidated)
118 http fetch GET 200 https://registry.npmjs.org/@emotion%2fis-prop-valid 835ms (cache miss)
119 http fetch GET 200 https://registry.npmjs.org/utility-types 840ms (cache miss)
120 http fetch GET 200 https://registry.npmjs.org/zustand 841ms (cache miss)
121 http fetch GET 200 https://registry.npmjs.org/@mediapipe%2ftasks-vision 910ms (cache miss)
122 http fetch GET 200 https://registry.npmjs.org/@remix-run%2frouter 917ms (cache miss)
123 http fetch GET 200 https://registry.npmjs.org/@use-gesture%2freact 957ms (cache miss)
124 http fetch GET 200 https://registry.npmjs.org/react-use-measure 952ms (cache miss)
125 http fetch GET 200 https://registry.npmjs.org/suspend-react 1084ms (cache miss)
126 http fetch GET 200 https://registry.npmjs.org/@types%2freact-reconciler 1439ms (cache miss)
127 http fetch GET 200 https://registry.npmjs.org/react-intersection-observer 1437ms (cache miss)
128 http fetch GET 200 https://registry.npmjs.org/its-fine 1447ms (cache miss)
129 http fetch GET 200 https://registry.npmjs.org/@react-spring%2fthree 1462ms (cache miss)
130 timing idealTree:#root Completed in 7436ms
131 timing idealTree:node_modules/@emailjs/browser Completed in 0ms
132 silly placeDep ROOT @babel/runtime@7.22.6 OK for: @react-three/drei@9.79.3 want: ^7.11.2
133 silly fetch manifest regenerator-runtime@^0.13.11
134 silly placeDep ROOT @mediapipe/tasks-vision@0.10.2 OK for: @react-three/drei@9.79.3 want: 0.10.2
135 silly placeDep ROOT @react-spring/three@9.6.1 OK for: @react-three/drei@9.79.3 want: ~9.6.1
136 silly fetch manifest @react-spring/animated@~9.6.1
137 silly fetch manifest @react-spring/core@~9.6.1
138 silly fetch manifest @react-spring/shared@~9.6.1
139 silly fetch manifest @react-spring/types@~9.6.1
140 silly placeDep ROOT @use-gesture/react@10.2.27 OK for: @react-three/drei@9.79.3 want: ^10.2.24
141 silly fetch manifest @use-gesture/core@10.2.27
142 silly placeDep ROOT camera-controls@2.7.0 OK for: @react-three/drei@9.79.3 want: ^2.4.2
143 silly placeDep ROOT detect-gpu@5.0.34 OK for: @react-three/drei@9.79.3 want: ^5.0.28
144 silly fetch manifest webgl-constants@^1.1.1
145 silly placeDep ROOT glsl-noise@0.0.0 OK for: @react-three/drei@9.79.3 want: ^0.0.0
146 silly placeDep ROOT lodash.clamp@4.0.3 OK for: @react-three/drei@9.79.3 want: ^4.0.3
147 silly placeDep ROOT lodash.omit@4.5.0 OK for: @react-three/drei@9.79.3 want: ^4.5.0
148 silly placeDep ROOT lodash.pick@4.4.0 OK for: @react-three/drei@9.79.3 want: ^4.4.0
149 silly placeDep node_modules/@react-three/drei maath@0.6.0 OK for: @react-three/drei@9.79.3 want: ^0.6.0
150 silly placeDep ROOT meshline@3.1.6 OK for: @react-three/drei@9.79.3 want: ^3.1.6
151 silly placeDep ROOT react-composer@5.0.3 OK for: @react-three/drei@9.79.3 want: ^5.0.3
152 silly placeDep ROOT react-merge-refs@1.1.0 OK for: @react-three/drei@9.79.3 want: ^1.1.0
153 silly placeDep ROOT stats-gl@1.0.4 OK for: @react-three/drei@9.79.3 want: ^1.0.4
154 silly placeDep ROOT stats.js@0.17.0 OK for: @react-three/drei@9.79.3 want: ^0.17.0
155 silly placeDep ROOT suspend-react@0.1.3 OK for: @react-three/drei@9.79.3 want: ^0.1.3
156 silly placeDep ROOT three-mesh-bvh@0.6.3 OK for: @react-three/drei@9.79.3 want: ^0.6.0
157 silly placeDep ROOT three-stdlib@2.23.13 OK for: @react-three/drei@9.79.3 want: ^2.23.9
158 silly fetch manifest @types/draco3d@^1.4.0
159 silly fetch manifest @types/offscreencanvas@^2019.6.4
160 silly fetch manifest @types/webxr@^0.5.2
161 silly fetch manifest chevrotain@^10.1.2
162 silly fetch manifest draco3d@^1.4.1
163 silly fetch manifest fflate@^0.6.9
164 silly fetch manifest ktx-parse@^0.4.5
165 silly fetch manifest mmd-parser@^1.0.4
166 silly fetch manifest opentype.js@^1.3.3
167 silly fetch manifest potpack@^1.0.1
168 silly fetch manifest zstddec@^0.0.2
169 silly placeDep ROOT troika-three-text@0.47.2 OK for: @react-three/drei@9.79.3 want: ^0.47.2
170 silly fetch manifest bidi-js@^1.0.2
171 silly fetch manifest troika-three-utils@^0.47.2
172 silly fetch manifest troika-worker-utils@^0.47.2
173 silly fetch manifest webgl-sdf-generator@1.1.1
174 silly placeDep ROOT utility-types@3.10.0 OK for: @react-three/drei@9.79.3 want: ^3.10.0
175 silly placeDep ROOT zustand@3.7.2 OK for: @react-three/drei@9.79.3 want: ^3.5.13
176 http fetch GET 200 https://registry.npmjs.org/regenerator-runtime 54ms (cache miss)
177 http fetch GET 200 https://registry.npmjs.org/@types%2fwebxr 61ms (cache miss)
178 http fetch GET 200 https://registry.npmjs.org/chevrotain 67ms (cache miss)
179 http fetch GET 200 https://registry.npmjs.org/@react-spring%2ftypes 87ms (cache miss)
180 http fetch GET 200 https://registry.npmjs.org/mmd-parser 678ms (cache miss)
181 http fetch GET 200 https://registry.npmjs.org/ktx-parse 681ms (cache miss)
182 http fetch GET 200 https://registry.npmjs.org/draco3d 686ms (cache miss)
183 http fetch GET 200 https://registry.npmjs.org/bidi-js 690ms (cache miss)
184 http fetch GET 200 https://registry.npmjs.org/potpack 696ms (cache miss)
185 http fetch GET 200 https://registry.npmjs.org/fflate 706ms (cache miss)
186 http fetch GET 200 https://registry.npmjs.org/webgl-constants 718ms (cache miss)
187 http fetch GET 200 https://registry.npmjs.org/opentype.js 723ms (cache miss)
188 http fetch GET 200 https://registry.npmjs.org/zstddec 775ms (cache miss)
189 http fetch GET 200 https://registry.npmjs.org/@types%2fdraco3d 858ms (cache miss)
190 http fetch GET 200 https://registry.npmjs.org/@types%2foffscreencanvas 859ms (cache miss)
191 http fetch GET 200 https://registry.npmjs.org/webgl-sdf-generator 867ms (cache miss)
192 http fetch GET 200 https://registry.npmjs.org/@use-gesture%2fcore 939ms (cache miss)
193 http fetch GET 200 https://registry.npmjs.org/troika-worker-utils 1392ms (cache miss)
194 http fetch GET 200 https://registry.npmjs.org/troika-three-utils 1394ms (cache miss)
195 http fetch GET 200 https://registry.npmjs.org/@react-spring%2fcore 1412ms (cache miss)
196 http fetch GET 200 https://registry.npmjs.org/@react-spring%2fshared 1470ms (cache miss)
197 http fetch GET 200 https://registry.npmjs.org/@react-spring%2fanimated 1498ms (cache miss)
198 timing idealTree:node_modules/@react-three/drei Completed in 1510ms
199 silly placeDep ROOT regenerator-runtime@0.13.11 OK for: @babel/runtime@7.22.6 want: ^0.13.11
200 timing idealTree:node_modules/@babel/runtime Completed in 2ms
201 timing idealTree:node_modules/@mediapipe/tasks-vision Completed in 0ms
202 silly placeDep ROOT @react-spring/animated@9.6.1 OK for: @react-spring/three@9.6.1 want: ~9.6.1
203 silly placeDep ROOT @react-spring/core@9.6.1 OK for: @react-spring/three@9.6.1 want: ~9.6.1
204 silly fetch manifest @react-spring/rafz@~9.6.1
205 silly placeDep ROOT @react-spring/shared@9.6.1 OK for: @react-spring/three@9.6.1 want: ~9.6.1
206 silly placeDep ROOT @react-spring/types@9.6.1 OK for: @react-spring/three@9.6.1 want: ~9.6.1
207 http fetch GET 200 https://registry.npmjs.org/@react-spring%2frafz 90ms (cache miss)
208 timing idealTree:node_modules/@react-spring/three Completed in 95ms
209 timing idealTree:node_modules/@react-spring/animated Completed in 0ms
210 silly placeDep ROOT @react-spring/rafz@9.6.1 OK for: @react-spring/core@9.6.1 want: ~9.6.1
211 timing idealTree:node_modules/@react-spring/core Completed in 2ms
212 timing idealTree:node_modules/@react-spring/rafz Completed in 0ms
213 timing idealTree:node_modules/@react-spring/shared Completed in 0ms
214 timing idealTree:node_modules/@react-spring/types Completed in 0ms
215 silly placeDep ROOT @types/react-reconciler@0.26.7 OK for: @react-three/fiber@8.13.5 want: ^0.26.7
216 silly placeDep ROOT its-fine@1.1.1 OK for: @react-three/fiber@8.13.5 want: ^1.0.6
217 silly fetch manifest @types/react-reconciler@^0.28.0
218 silly placeDep ROOT react-reconciler@0.27.0 OK for: @react-three/fiber@8.13.5 want: ^0.27.0
219 silly placeDep ROOT react-use-measure@2.1.1 OK for: @react-three/fiber@8.13.5 want: ^2.1.1
220 silly fetch manifest debounce@^1.2.1
221 silly placeDep node_modules/@react-three/fiber scheduler@0.21.0 OK for: @react-three/fiber@8.13.5 want: ^0.21.0
222 http fetch GET 200 https://registry.npmjs.org/debounce 721ms (cache miss)
223 timing idealTree:node_modules/@react-three/fiber Completed in 728ms
224 timing idealTree:node_modules/@types/react-reconciler Completed in 0ms
225 silly placeDep ROOT @use-gesture/core@10.2.27 OK for: @use-gesture/react@10.2.27 want: 10.2.27
226 timing idealTree:node_modules/@use-gesture/react Completed in 1ms
227 timing idealTree:node_modules/@use-gesture/core Completed in 0ms
228 timing idealTree:node_modules/camera-controls Completed in 0ms
229 silly placeDep ROOT webgl-constants@1.1.1 OK for: detect-gpu@5.0.34 want: ^1.1.1
230 timing idealTree:node_modules/detect-gpu Completed in 2ms
231 silly placeDep ROOT @emotion/is-prop-valid@0.8.8 OK for: framer-motion@10.13.1 want: ^0.8.2
232 silly fetch manifest @emotion/memoize@0.7.4
233 silly placeDep ROOT tslib@2.6.0 OK for: framer-motion@10.13.1 want: ^2.4.0
234 http fetch GET 200 https://registry.npmjs.org/@emotion%2fmemoize 72ms (cache miss)
235 timing idealTree:node_modules/framer-motion Completed in 76ms
236 silly placeDep ROOT @emotion/memoize@0.7.4 OK for: @emotion/is-prop-valid@0.8.8 want: 0.7.4
237 timing idealTree:node_modules/@emotion/is-prop-valid Completed in 1ms
238 timing idealTree:node_modules/@emotion/memoize Completed in 0ms
239 timing idealTree:node_modules/glsl-noise Completed in 0ms
240 silly placeDep node_modules/its-fine @types/react-reconciler@0.28.2 OK for: its-fine@1.1.1 want: ^0.28.0
241 timing idealTree:node_modules/its-fine Completed in 2ms
242 timing idealTree:node_modules/lodash.clamp Completed in 0ms
243 timing idealTree:node_modules/lodash.omit Completed in 0ms
244 timing idealTree:node_modules/lodash.pick Completed in 0ms
245 timing idealTree:node_modules/maath Completed in 0ms
246 timing idealTree:node_modules/meshline Completed in 0ms
247 timing idealTree:node_modules/react-composer Completed in 0ms
248 timing idealTree:node_modules/react-merge-refs Completed in 0ms
249 silly placeDep node_modules/react-reconciler scheduler@0.21.0 OK for: react-reconciler@0.27.0 want: ^0.21.0
250 timing idealTree:node_modules/react-reconciler Completed in 1ms
251 silly placeDep ROOT @remix-run/router@1.7.2 OK for: react-router-dom@6.14.2 want: 1.7.2
252 silly placeDep ROOT react-router@6.14.2 OK for: react-router-dom@6.14.2 want: 6.14.2
253 timing idealTree:node_modules/react-router-dom Completed in 2ms
254 timing idealTree:node_modules/@remix-run/router Completed in 0ms
255 timing idealTree:node_modules/react-router Completed in 0ms
256 timing idealTree:node_modules/react-tilt Completed in 0ms
257 silly placeDep ROOT debounce@1.2.1 OK for: react-use-measure@2.1.1 want: ^1.2.1
258 timing idealTree:node_modules/react-use-measure Completed in 1ms
259 timing idealTree:node_modules/debounce Completed in 0ms
260 silly placeDep ROOT classnames@2.3.2 OK for: react-vertical-timeline-component@3.6.0 want: ^2.2.6
261 silly placeDep ROOT react-intersection-observer@8.34.0 OK for: react-vertical-timeline-component@3.6.0 want: ^8.26.2
262 timing idealTree:node_modules/react-vertical-timeline-component Completed in 2ms
263 timing idealTree:node_modules/classnames Completed in 0ms
264 timing idealTree:node_modules/react-intersection-observer Completed in 0ms
265 timing idealTree:node_modules/regenerator-runtime Completed in 0ms
266 timing idealTree:node_modules/stats-gl Completed in 0ms
267 timing idealTree:node_modules/stats.js Completed in 0ms
268 timing idealTree:node_modules/suspend-react Completed in 0ms
269 timing idealTree:node_modules/three-mesh-bvh Completed in 0ms
270 silly placeDep ROOT @types/draco3d@1.4.2 OK for: three-stdlib@2.23.13 want: ^1.4.0
271 silly placeDep ROOT @types/offscreencanvas@2019.7.0 OK for: three-stdlib@2.23.13 want: ^2019.6.4
272 silly placeDep ROOT @types/webxr@0.5.2 OK for: three-stdlib@2.23.13 want: ^0.5.2
273 silly placeDep ROOT chevrotain@10.5.0 OK for: three-stdlib@2.23.13 want: ^10.1.2
274 silly fetch manifest @chevrotain/cst-dts-gen@10.5.0
275 silly fetch manifest @chevrotain/gast@10.5.0
276 silly fetch manifest @chevrotain/types@10.5.0
277 silly fetch manifest @chevrotain/utils@10.5.0
278 silly fetch manifest lodash@4.17.21
279 silly fetch manifest regexp-to-ast@0.5.0
280 silly placeDep ROOT draco3d@1.5.6 OK for: three-stdlib@2.23.13 want: ^1.4.1
281 silly placeDep ROOT fflate@0.6.10 OK for: three-stdlib@2.23.13 want: ^0.6.9
282 silly placeDep ROOT ktx-parse@0.4.5 OK for: three-stdlib@2.23.13 want: ^0.4.5
283 silly placeDep ROOT mmd-parser@1.0.4 OK for: three-stdlib@2.23.13 want: ^1.0.4
284 silly placeDep ROOT opentype.js@1.3.4 OK for: three-stdlib@2.23.13 want: ^1.3.3
285 silly fetch manifest string.prototype.codepointat@^0.2.1
286 silly fetch manifest tiny-inflate@^1.0.3
287 silly placeDep ROOT potpack@1.0.2 OK for: three-stdlib@2.23.13 want: ^1.0.1
288 silly placeDep ROOT zstddec@0.0.2 OK for: three-stdlib@2.23.13 want: ^0.0.2
289 http fetch GET 200 https://registry.npmjs.org/regexp-to-ast 45ms (cache miss)
290 http fetch GET 200 https://registry.npmjs.org/lodash 48ms (cache miss)
291 http fetch GET 200 https://registry.npmjs.org/@chevrotain%2ftypes 137ms (cache miss)
292 http fetch GET 200 https://registry.npmjs.org/string.prototype.codepointat 676ms (cache miss)
293 http fetch GET 200 https://registry.npmjs.org/tiny-inflate 703ms (cache miss)
294 http fetch GET 200 https://registry.npmjs.org/@chevrotain%2futils 1374ms (cache miss)
295 http fetch GET 200 https://registry.npmjs.org/@chevrotain%2fcst-dts-gen 1463ms (cache miss)
296 http fetch GET 200 https://registry.npmjs.org/@chevrotain%2fgast 1487ms (cache miss)
297 timing idealTree:node_modules/three-stdlib Completed in 1493ms
298 timing idealTree:node_modules/@types/draco3d Completed in 0ms
299 timing idealTree:node_modules/@types/offscreencanvas Completed in 0ms
300 timing idealTree:node_modules/@types/webxr Completed in 0ms
301 silly placeDep ROOT @chevrotain/cst-dts-gen@10.5.0 OK for: chevrotain@10.5.0 want: 10.5.0
302 silly placeDep ROOT @chevrotain/gast@10.5.0 OK for: chevrotain@10.5.0 want: 10.5.0
303 silly placeDep ROOT @chevrotain/types@10.5.0 OK for: chevrotain@10.5.0 want: 10.5.0
304 silly placeDep ROOT @chevrotain/utils@10.5.0 OK for: chevrotain@10.5.0 want: 10.5.0
305 silly placeDep ROOT lodash@4.17.21 OK for: chevrotain@10.5.0 want: 4.17.21
306 silly placeDep ROOT regexp-to-ast@0.5.0 OK for: chevrotain@10.5.0 want: 0.5.0
307 timing idealTree:node_modules/chevrotain Completed in 5ms
308 timing idealTree:node_modules/@chevrotain/cst-dts-gen Completed in 0ms
309 timing idealTree:node_modules/@chevrotain/gast Completed in 0ms
310 timing idealTree:node_modules/@chevrotain/types Completed in 0ms
311 timing idealTree:node_modules/@chevrotain/utils Completed in 0ms
312 timing idealTree:node_modules/draco3d Completed in 0ms
313 timing idealTree:node_modules/fflate Completed in 0ms
314 timing idealTree:node_modules/ktx-parse Completed in 0ms
315 timing idealTree:node_modules/lodash Completed in 0ms
316 timing idealTree:node_modules/mmd-parser Completed in 0ms
317 silly placeDep ROOT string.prototype.codepointat@0.2.1 OK for: opentype.js@1.3.4 want: ^0.2.1
318 silly placeDep ROOT tiny-inflate@1.0.3 OK for: opentype.js@1.3.4 want: ^1.0.3
319 timing idealTree:node_modules/opentype.js Completed in 1ms
320 timing idealTree:node_modules/potpack Completed in 0ms
321 timing idealTree:node_modules/regexp-to-ast Completed in 0ms
322 timing idealTree:node_modules/string.prototype.codepointat Completed in 0ms
323 timing idealTree:node_modules/tiny-inflate Completed in 0ms
324 silly placeDep ROOT bidi-js@1.0.2 OK for: troika-three-text@0.47.2 want: ^1.0.2
325 silly fetch manifest require-from-string@^2.0.2
326 silly placeDep ROOT troika-three-utils@0.47.2 OK for: troika-three-text@0.47.2 want: ^0.47.2
327 silly placeDep ROOT troika-worker-utils@0.47.2 OK for: troika-three-text@0.47.2 want: ^0.47.2
328 silly placeDep ROOT webgl-sdf-generator@1.1.1 OK for: troika-three-text@0.47.2 want: 1.1.1
329 http fetch GET 200 https://registry.npmjs.org/require-from-string 31ms (cache miss)
330 timing idealTree:node_modules/troika-three-text Completed in 33ms
331 silly placeDep ROOT require-from-string@2.0.2 OK for: bidi-js@1.0.2 want: ^2.0.2
332 timing idealTree:node_modules/bidi-js Completed in 0ms
333 timing idealTree:node_modules/require-from-string Completed in 0ms
334 timing idealTree:node_modules/troika-three-utils Completed in 0ms
335 timing idealTree:node_modules/troika-worker-utils Completed in 0ms
336 timing idealTree:node_modules/tslib Completed in 0ms
337 timing idealTree:node_modules/utility-types Completed in 1ms
338 timing idealTree:node_modules/webgl-constants Completed in 0ms
339 timing idealTree:node_modules/webgl-sdf-generator Completed in 0ms
340 timing idealTree:node_modules/zstddec Completed in 0ms
341 timing idealTree:node_modules/zustand Completed in 0ms
342 timing idealTree:node_modules/@react-three/drei/node_modules/maath Completed in 0ms
343 timing idealTree:node_modules/@react-three/fiber/node_modules/scheduler Completed in 0ms
344 timing idealTree:node_modules/its-fine/node_modules/@types/react-reconciler Completed in 0ms
345 timing idealTree:node_modules/react-reconciler/node_modules/scheduler Completed in 0ms
346 timing idealTree:buildDeps Completed in 11398ms
347 timing idealTree:fixDepFlags Completed in 2ms
348 timing idealTree Completed in 11502ms
349 timing reify:loadTrees Completed in 11503ms
350 timing reify:diffTrees Completed in 6ms
351 silly reify moves {}
352 timing reify:retireShallow Completed in 1ms
353 timing reify:createSparse Completed in 7ms
354 timing reify:loadBundles Completed in 0ms
355 silly audit bulk request {
355 silly audit   '@aashutoshrathi/word-wrap': [ '1.2.6' ],
355 silly audit   '@alloc/quick-lru': [ '5.2.0' ],
355 silly audit   '@ampproject/remapping': [ '2.2.1' ],
355 silly audit   '@babel/code-frame': [ '7.22.5' ],
355 silly audit   '@babel/compat-data': [ '7.22.9' ],
355 silly audit   '@babel/core': [ '7.22.9' ],
355 silly audit   '@babel/generator': [ '7.22.9' ],
355 silly audit   '@babel/helper-compilation-targets': [ '7.22.9' ],
355 silly audit   '@babel/helper-environment-visitor': [ '7.22.5' ],
355 silly audit   '@babel/helper-function-name': [ '7.22.5' ],
355 silly audit   '@babel/helper-hoist-variables': [ '7.22.5' ],
355 silly audit   '@babel/helper-module-imports': [ '7.22.5' ],
355 silly audit   '@babel/helper-module-transforms': [ '7.22.9' ],
355 silly audit   '@babel/helper-plugin-utils': [ '7.22.5' ],
355 silly audit   '@babel/helper-simple-access': [ '7.22.5' ],
355 silly audit   '@babel/helper-split-export-declaration': [ '7.22.6' ],
355 silly audit   '@babel/helper-string-parser': [ '7.22.5' ],
355 silly audit   '@babel/helper-validator-identifier': [ '7.22.5' ],
355 silly audit   '@babel/helper-validator-option': [ '7.22.5' ],
355 silly audit   '@babel/helpers': [ '7.22.6' ],
355 silly audit   '@babel/highlight': [ '7.22.5' ],
355 silly audit   '@babel/parser': [ '7.22.7' ],
355 silly audit   '@babel/plugin-transform-react-jsx-self': [ '7.22.5' ],
355 silly audit   '@babel/plugin-transform-react-jsx-source': [ '7.22.5' ],
355 silly audit   '@babel/template': [ '7.22.5' ],
355 silly audit   '@babel/traverse': [ '7.22.8' ],
355 silly audit   '@babel/types': [ '7.22.5' ],
355 silly audit   '@esbuild/android-arm': [ '0.18.16' ],
355 silly audit   '@esbuild/android-arm64': [ '0.18.16' ],
355 silly audit   '@esbuild/android-x64': [ '0.18.16' ],
355 silly audit   '@esbuild/darwin-arm64': [ '0.18.16' ],
355 silly audit   '@esbuild/darwin-x64': [ '0.18.16' ],
355 silly audit   '@esbuild/freebsd-arm64': [ '0.18.16' ],
355 silly audit   '@esbuild/freebsd-x64': [ '0.18.16' ],
355 silly audit   '@esbuild/linux-arm': [ '0.18.16' ],
355 silly audit   '@esbuild/linux-arm64': [ '0.18.16' ],
355 silly audit   '@esbuild/linux-ia32': [ '0.18.16' ],
355 silly audit   '@esbuild/linux-loong64': [ '0.18.16' ],
355 silly audit   '@esbuild/linux-mips64el': [ '0.18.16' ],
355 silly audit   '@esbuild/linux-ppc64': [ '0.18.16' ],
355 silly audit   '@esbuild/linux-riscv64': [ '0.18.16' ],
355 silly audit   '@esbuild/linux-s390x': [ '0.18.16' ],
355 silly audit   '@esbuild/linux-x64': [ '0.18.16' ],
355 silly audit   '@esbuild/netbsd-x64': [ '0.18.16' ],
355 silly audit   '@esbuild/openbsd-x64': [ '0.18.16' ],
355 silly audit   '@esbuild/sunos-x64': [ '0.18.16' ],
355 silly audit   '@esbuild/win32-arm64': [ '0.18.16' ],
355 silly audit   '@esbuild/win32-ia32': [ '0.18.16' ],
355 silly audit   '@esbuild/win32-x64': [ '0.18.16' ],
355 silly audit   '@eslint-community/eslint-utils': [ '4.4.0' ],
355 silly audit   '@eslint-community/regexpp': [ '4.6.1' ],
355 silly audit   '@eslint/eslintrc': [ '2.1.0' ],
355 silly audit   globals: [ '13.20.0', '11.12.0' ],
355 silly audit   '@eslint/js': [ '8.44.0' ],
355 silly audit   '@humanwhocodes/config-array': [ '0.11.10' ],
355 silly audit   '@humanwhocodes/module-importer': [ '1.0.1' ],
355 silly audit   '@humanwhocodes/object-schema': [ '1.2.1' ],
355 silly audit   '@jridgewell/gen-mapping': [ '0.3.3' ],
355 silly audit   '@jridgewell/resolve-uri': [ '3.1.0' ],
355 silly audit   '@jridgewell/set-array': [ '1.1.2' ],
355 silly audit   '@jridgewell/sourcemap-codec': [ '1.4.15', '1.4.14' ],
355 silly audit   '@jridgewell/trace-mapping': [ '0.3.18' ],
355 silly audit   '@nodelib/fs.scandir': [ '2.1.5' ],
355 silly audit   '@nodelib/fs.stat': [ '2.0.5' ],
355 silly audit   '@nodelib/fs.walk': [ '1.2.8' ],
355 silly audit   '@types/prop-types': [ '15.7.5' ],
355 silly audit   '@types/react': [ '18.2.15' ],
355 silly audit   '@types/react-dom': [ '18.2.7' ],
355 silly audit   '@types/scheduler': [ '0.16.3' ],
355 silly audit   '@vitejs/plugin-react': [ '4.0.3' ],
355 silly audit   acorn: [ '8.10.0' ],
355 silly audit   'acorn-jsx': [ '5.3.2' ],
355 silly audit   ajv: [ '6.12.6' ],
355 silly audit   'ansi-regex': [ '5.0.1' ],
355 silly audit   'ansi-styles': [ '3.2.1', '4.3.0' ],
355 silly audit   'any-promise': [ '1.3.0' ],
355 silly audit   anymatch: [ '3.1.3' ],
355 silly audit   arg: [ '5.0.2' ],
355 silly audit   argparse: [ '2.0.1' ],
355 silly audit   'array-buffer-byte-length': [ '1.0.0' ],
355 silly audit   'array-includes': [ '3.1.6' ],
355 silly audit   'array.prototype.flat': [ '1.3.1' ],
355 silly audit   'array.prototype.flatmap': [ '1.3.1' ],
355 silly audit   'array.prototype.tosorted': [ '1.1.1' ],
355 silly audit   'arraybuffer.prototype.slice': [ '1.0.1' ],
355 silly audit   'available-typed-arrays': [ '1.0.5' ],
355 silly audit   'balanced-match': [ '1.0.2' ],
355 silly audit   'binary-extensions': [ '2.2.0' ],
355 silly audit   'brace-expansion': [ '1.1.11' ],
355 silly audit   braces: [ '3.0.2' ],
355 silly audit   browserslist: [ '4.21.9' ],
355 silly audit   'call-bind': [ '1.0.2' ],
355 silly audit   callsites: [ '3.1.0' ],
355 silly audit   'camelcase-css': [ '2.0.1' ],
355 silly audit   'caniuse-lite': [ '1.0.30001517' ],
355 silly audit   chalk: [ '2.4.2', '4.1.2' ],
355 silly audit   chokidar: [ '3.5.3' ],
355 silly audit   'glob-parent': [ '5.1.2', '6.0.2' ],
355 silly audit   'color-convert': [ '1.9.3', '2.0.1' ],
355 silly audit   'color-name': [ '1.1.3', '1.1.4' ],
355 silly audit   commander: [ '4.1.1' ],
355 silly audit   'concat-map': [ '0.0.1' ],
355 silly audit   'convert-source-map': [ '1.9.0' ],
355 silly audit   'cross-spawn': [ '7.0.3' ],
355 silly audit   cssesc: [ '3.0.0' ],
355 silly audit   csstype: [ '3.1.2' ],
355 silly audit   debug: [ '4.3.4' ],
355 silly audit   'deep-is': [ '0.1.4' ],
355 silly audit   'define-properties': [ '1.2.0' ],
355 silly audit   didyoumean: [ '1.2.2' ],
355 silly audit   dlv: [ '1.1.3' ],
355 silly audit   doctrine: [ '3.0.0', '2.1.0' ],
355 silly audit   'electron-to-chromium': [ '1.4.469' ],
355 silly audit   'es-abstract': [ '1.22.1' ],
355 silly audit   'es-set-tostringtag': [ '2.0.1' ],
355 silly audit   'es-shim-unscopables': [ '1.0.0' ],
355 silly audit   'es-to-primitive': [ '1.2.1' ],
355 silly audit   esbuild: [ '0.18.16' ],
355 silly audit   escalade: [ '3.1.1' ],
355 silly audit   'escape-string-regexp': [ '1.0.5', '4.0.0' ],
355 silly audit   eslint: [ '8.45.0' ],
355 silly audit   'eslint-plugin-react': [ '7.33.0' ],
355 silly audit   'eslint-plugin-react-hooks': [ '4.6.0' ],
355 silly audit   'eslint-plugin-react-refresh': [ '0.4.3' ],
355 silly audit   'eslint-scope': [ '7.2.1' ],
355 silly audit   'eslint-visitor-keys': [ '3.4.1' ],
355 silly audit   'has-flag': [ '4.0.0', '3.0.0' ],
355 silly audit   'supports-color': [ '7.2.0', '5.5.0' ],
355 silly audit   espree: [ '9.6.1' ],
355 silly audit   esquery: [ '1.5.0' ],
355 silly audit   esrecurse: [ '4.3.0' ],
355 silly audit   estraverse: [ '5.3.0' ],
355 silly audit   esutils: [ '2.0.3' ],
355 silly audit   'fast-deep-equal': [ '3.1.3' ],
355 silly audit   'fast-glob': [ '3.3.1' ],
355 silly audit   'fast-json-stable-stringify': [ '2.1.0' ],
355 silly audit   'fast-levenshtein': [ '2.0.6' ],
355 silly audit   fastq: [ '1.15.0' ],
355 silly audit   'file-entry-cache': [ '6.0.1' ],
355 silly audit   'fill-range': [ '7.0.1' ],
355 silly audit   'find-up': [ '5.0.0' ],
355 silly audit   'flat-cache': [ '3.0.4' ],
355 silly audit   flatted: [ '3.2.7' ],
355 silly audit   'for-each': [ '0.3.3' ],
355 silly audit   'fs.realpath': [ '1.0.0' ],
355 silly audit   fsevents: [ '2.3.2' ],
355 silly audit   'function-bind': [ '1.1.1' ],
355 silly audit   'function.prototype.name': [ '1.1.5' ],
355 silly audit   'functions-have-names': [ '1.2.3' ],
355 silly audit   gensync: [ '1.0.0-beta.2' ],
355 silly audit   'get-intrinsic': [ '1.2.1' ],
355 silly audit   'get-symbol-description': [ '1.0.0' ],
355 silly audit   glob: [ '7.2.3', '7.1.6' ],
355 silly audit   globalthis: [ '1.0.3' ],
355 silly audit   gopd: [ '1.0.1' ],
355 silly audit   graphemer: [ '1.4.0' ],
355 silly audit   has: [ '1.0.3' ],
355 silly audit   'has-bigints': [ '1.0.2' ],
355 silly audit   'has-property-descriptors': [ '1.0.0' ],
355 silly audit   'has-proto': [ '1.0.1' ],
355 silly audit   'has-symbols': [ '1.0.3' ],
355 silly audit   'has-tostringtag': [ '1.0.0' ],
355 silly audit   ignore: [ '5.2.4' ],
355 silly audit   'import-fresh': [ '3.3.0' ],
355 silly audit   imurmurhash: [ '0.1.4' ],
355 silly audit   inflight: [ '1.0.6' ],
355 silly audit   inherits: [ '2.0.4' ],
355 silly audit   'internal-slot': [ '1.0.5' ],
355 silly audit   'is-array-buffer': [ '3.0.2' ],
355 silly audit   'is-bigint': [ '1.0.4' ],
355 silly audit   'is-binary-path': [ '2.1.0' ],
355 silly audit   'is-boolean-object': [ '1.1.2' ],
355 silly audit   'is-callable': [ '1.2.7' ],
355 silly audit   'is-core-module': [ '2.12.1' ],
355 silly audit   'is-date-object': [ '1.0.5' ],
355 silly audit   'is-extglob': [ '2.1.1' ],
355 silly audit   'is-glob': [ '4.0.3' ],
355 silly audit   'is-negative-zero': [ '2.0.2' ],
355 silly audit   'is-number': [ '7.0.0' ],
355 silly audit   'is-number-object': [ '1.0.7' ],
355 silly audit   'is-path-inside': [ '3.0.3' ],
355 silly audit   'is-regex': [ '1.1.4' ],
355 silly audit   'is-shared-array-buffer': [ '1.0.2' ],
355 silly audit   'is-string': [ '1.0.7' ],
355 silly audit   'is-symbol': [ '1.0.4' ],
355 silly audit   'is-typed-array': [ '1.1.12' ],
355 silly audit   'is-weakref': [ '1.0.2' ],
355 silly audit   isarray: [ '2.0.5' ],
355 silly audit   isexe: [ '2.0.0' ],
355 silly audit   jiti: [ '1.19.1' ],
355 silly audit   'js-tokens': [ '4.0.0' ],
355 silly audit   'js-yaml': [ '4.1.0' ],
355 silly audit   jsesc: [ '2.5.2' ],
355 silly audit   'json-schema-traverse': [ '0.4.1' ],
355 silly audit   'json-stable-stringify-without-jsonify': [ '1.0.1' ],
355 silly audit   json5: [ '2.2.3' ],
355 silly audit   'jsx-ast-utils': [ '3.3.4' ],
355 silly audit   levn: [ '0.4.1' ],
355 silly audit   lilconfig: [ '2.1.0' ],
355 silly audit   'lines-and-columns': [ '1.2.4' ],
355 silly audit   'locate-path': [ '6.0.0' ],
355 silly audit   'lodash.merge': [ '4.6.2' ],
355 silly audit   'loose-envify': [ '1.4.0' ],
355 silly audit   'lru-cache': [ '5.1.1' ],
355 silly audit   merge2: [ '1.4.1' ],
355 silly audit   micromatch: [ '4.0.5' ],
355 silly audit   minimatch: [ '3.1.2' ],
355 silly audit   ms: [ '2.1.2' ],
355 silly audit   mz: [ '2.7.0' ],
355 silly audit   nanoid: [ '3.3.6' ],
355 silly audit   'natural-compare': [ '1.4.0' ],
355 silly audit   'node-releases': [ '2.0.13' ],
355 silly audit   'normalize-path': [ '3.0.0' ],
355 silly audit   'object-assign': [ '4.1.1' ],
355 silly audit   'object-hash': [ '3.0.0' ],
355 silly audit   'object-inspect': [ '1.12.3' ],
355 silly audit   'object-keys': [ '1.1.1' ],
355 silly audit   'object.assign': [ '4.1.4' ],
355 silly audit   'object.entries': [ '1.1.6' ],
355 silly audit   'object.fromentries': [ '2.0.6' ],
355 silly audit   'object.hasown': [ '1.1.2' ],
355 silly audit   'object.values': [ '1.1.6' ],
355 silly audit   once: [ '1.4.0' ],
355 silly audit   optionator: [ '0.9.3' ],
355 silly audit   'p-limit': [ '3.1.0' ],
355 silly audit   'p-locate': [ '5.0.0' ],
355 silly audit   'parent-module': [ '1.0.1' ],
355 silly audit   'path-exists': [ '4.0.0' ],
355 silly audit   'path-is-absolute': [ '1.0.1' ],
355 silly audit   'path-key': [ '3.1.1' ],
355 silly audit   'path-parse': [ '1.0.7' ],
355 silly audit   picocolors: [ '1.0.0' ],
355 silly audit   picomatch: [ '2.3.1' ],
355 silly audit   pify: [ '2.3.0' ],
355 silly audit   pirates: [ '4.0.6' ],
355 silly audit   postcss: [ '8.4.27' ],
355 silly audit   'postcss-import': [ '15.1.0' ],
355 silly audit   resolve: [ '1.22.2', '2.0.0-next.4' ],
355 silly audit   'postcss-js': [ '4.0.1' ],
355 silly audit   'postcss-load-config': [ '4.0.1' ],
355 silly audit   'postcss-nested': [ '6.0.1' ],
355 silly audit   'postcss-selector-parser': [ '6.0.13' ],
355 silly audit   'postcss-value-parser': [ '4.2.0' ],
355 silly audit   'prelude-ls': [ '1.2.1' ],
355 silly audit   'prop-types': [ '15.8.1' ],
355 silly audit   punycode: [ '2.3.0' ],
355 silly audit   'queue-microtask': [ '1.2.3' ],
355 silly audit   react: [ '18.2.0' ],
355 silly audit   'react-dom': [ '18.2.0' ],
355 silly audit   'react-is': [ '16.13.1' ],
355 silly audit   'react-refresh': [ '0.14.0' ],
355 silly audit   'read-cache': [ '1.0.0' ],
355 silly audit   readdirp: [ '3.6.0' ],
355 silly audit   'regexp.prototype.flags': [ '1.5.0' ],
355 silly audit   'resolve-from': [ '4.0.0' ],
355 silly audit   reusify: [ '1.0.4' ],
355 silly audit   rimraf: [ '3.0.2' ],
355 silly audit   rollup: [ '3.26.3' ],
355 silly audit   'run-parallel': [ '1.2.0' ],
355 silly audit   'safe-array-concat': [ '1.0.0' ],
355 silly audit   'safe-regex-test': [ '1.0.0' ],
355 silly audit   scheduler: [ '0.23.0', '0.21.0' ],
355 silly audit   semver: [ '6.3.1' ],
355 silly audit   'shebang-command': [ '2.0.0' ],
355 silly audit   'shebang-regex': [ '3.0.0' ],
355 silly audit   'side-channel': [ '1.0.4' ],
355 silly audit   'source-map-js': [ '1.0.2' ],
355 silly audit   'string.prototype.matchall': [ '4.0.8' ],
355 silly audit   'string.prototype.trim': [ '1.2.7' ],
355 silly audit   'string.prototype.trimend': [ '1.0.6' ],
355 silly audit   'string.prototype.trimstart': [ '1.0.6' ],
355 silly audit   'strip-ansi': [ '6.0.1' ],
355 silly audit   'strip-json-comments': [ '3.1.1' ],
355 silly audit   sucrase: [ '3.34.0' ],
355 silly audit   'supports-preserve-symlinks-flag': [ '1.0.0' ],
355 silly audit   tailwindcss: [ '3.3.3' ],
355 silly audit   'text-table': [ '0.2.0' ],
355 silly audit   thenify: [ '3.3.1' ],
355 silly audit   'thenify-all': [ '1.6.0' ],
355 silly audit   'to-fast-properties': [ '2.0.0' ],
355 silly audit   'to-regex-range': [ '5.0.1' ],
355 silly audit   'ts-interface-checker': [ '0.1.13' ],
355 silly audit   'type-check': [ '0.4.0' ],
355 silly audit   'type-fest': [ '0.20.2' ],
355 silly audit   'typed-array-buffer': [ '1.0.0' ],
355 silly audit   'typed-array-byte-length': [ '1.0.0' ],
355 silly audit   'typed-array-byte-offset': [ '1.0.0' ],
355 silly audit   'typed-array-length': [ '1.0.4' ],
355 silly audit   'unbox-primitive': [ '1.0.2' ],
355 silly audit   'update-browserslist-db': [ '1.0.11' ],
355 silly audit   'uri-js': [ '4.4.1' ],
355 silly audit   'util-deprecate': [ '1.0.2' ],
355 silly audit   vite: [ '4.4.7' ],
355 silly audit   which: [ '2.0.2' ],
355 silly audit   'which-boxed-primitive': [ '1.0.2' ],
355 silly audit   'which-typed-array': [ '1.1.11' ],
355 silly audit   wrappy: [ '1.0.2' ],
355 silly audit   yallist: [ '3.1.1' ],
355 silly audit   yaml: [ '2.3.1' ],
355 silly audit   'yocto-queue': [ '0.1.0' ],
355 silly audit   '@emailjs/browser': [ '3.11.0' ],
355 silly audit   '@react-three/drei': [ '9.79.3' ],
355 silly audit   '@react-three/fiber': [ '8.13.5' ],
355 silly audit   'framer-motion': [ '10.13.1' ],
355 silly audit   maath: [ '0.7.0', '0.6.0' ],
355 silly audit   'react-router-dom': [ '6.14.2' ],
355 silly audit   'react-tilt': [ '1.0.2' ],
355 silly audit   'react-vertical-timeline-component': [ '3.6.0' ],
355 silly audit   '@babel/runtime': [ '7.22.6' ],
355 silly audit   '@mediapipe/tasks-vision': [ '0.10.2' ],
355 silly audit   '@react-spring/three': [ '9.6.1' ],
355 silly audit   '@use-gesture/react': [ '10.2.27' ],
355 silly audit   'camera-controls': [ '2.7.0' ],
355 silly audit   'detect-gpu': [ '5.0.34' ],
355 silly audit   'glsl-noise': [ '0.0.0' ],
355 silly audit   'lodash.clamp': [ '4.0.3' ],
355 silly audit   'lodash.omit': [ '4.5.0' ],
355 silly audit   'lodash.pick': [ '4.4.0' ],
355 silly audit   meshline: [ '3.1.6' ],
355 silly audit   'react-composer': [ '5.0.3' ],
355 silly audit   'react-merge-refs': [ '1.1.0' ],
355 silly audit   'stats-gl': [ '1.0.4' ],
355 silly audit   'stats.js': [ '0.17.0' ],
355 silly audit   'suspend-react': [ '0.1.3' ],
355 silly audit   'three-mesh-bvh': [ '0.6.3' ],
355 silly audit   'three-stdlib': [ '2.23.13' ],
355 silly audit   'troika-three-text': [ '0.47.2' ],
355 silly audit   'utility-types': [ '3.10.0' ],
355 silly audit   zustand: [ '3.7.2' ],
355 silly audit   'regenerator-runtime': [ '0.13.11' ],
355 silly audit   '@react-spring/animated': [ '9.6.1' ],
355 silly audit   '@react-spring/core': [ '9.6.1' ],
355 silly audit   '@react-spring/shared': [ '9.6.1' ],
355 silly audit   '@react-spring/types': [ '9.6.1' ],
355 silly audit   '@react-spring/rafz': [ '9.6.1' ],
355 silly audit   '@types/react-reconciler': [ '0.26.7', '0.28.2' ],
355 silly audit   'its-fine': [ '1.1.1' ],
355 silly audit   'react-reconciler': [ '0.27.0' ],
355 silly audit   'react-use-measure': [ '2.1.1' ],
355 silly audit   '@use-gesture/core': [ '10.2.27' ],
355 silly audit   'webgl-constants': [ '1.1.1' ],
355 silly audit   '@emotion/is-prop-valid': [ '0.8.8' ],
355 silly audit   tslib: [ '2.6.0' ],
355 silly audit   '@emotion/memoize': [ '0.7.4' ],
355 silly audit   '@remix-run/router': [ '1.7.2' ],
355 silly audit   'react-router': [ '6.14.2' ],
355 silly audit   debounce: [ '1.2.1' ],
355 silly audit   classnames: [ '2.3.2' ],
355 silly audit   'react-intersection-observer': [ '8.34.0' ],
355 silly audit   '@types/draco3d': [ '1.4.2' ],
355 silly audit   '@types/offscreencanvas': [ '2019.7.0' ],
355 silly audit   '@types/webxr': [ '0.5.2' ],
355 silly audit   chevrotain: [ '10.5.0' ],
355 silly audit   draco3d: [ '1.5.6' ],
355 silly audit   fflate: [ '0.6.10' ],
355 silly audit   'ktx-parse': [ '0.4.5' ],
355 silly audit   'mmd-parser': [ '1.0.4' ],
355 silly audit   'opentype.js': [ '1.3.4' ],
355 silly audit   potpack: [ '1.0.2' ],
355 silly audit   zstddec: [ '0.0.2' ],
355 silly audit   '@chevrotain/cst-dts-gen': [ '10.5.0' ],
355 silly audit   '@chevrotain/gast': [ '10.5.0' ],
355 silly audit   '@chevrotain/types': [ '10.5.0' ],
355 silly audit   '@chevrotain/utils': [ '10.5.0' ],
355 silly audit   lodash: [ '4.17.21' ],
355 silly audit   'regexp-to-ast': [ '0.5.0' ],
355 silly audit   'string.prototype.codepointat': [ '0.2.1' ],
355 silly audit   'tiny-inflate': [ '1.0.3' ],
355 silly audit   'bidi-js': [ '1.0.2' ],
355 silly audit   'troika-three-utils': [ '0.47.2' ],
355 silly audit   'troika-worker-utils': [ '0.47.2' ],
355 silly audit   'webgl-sdf-generator': [ '1.1.1' ],
355 silly audit   'require-from-string': [ '2.0.2' ]
355 silly audit }
356 verbose reify failed optional dependency /Users/lukeaustin/Desktop/3D Portfolio/node_modules/@esbuild/win32-x64
357 silly reify mark deleted [
357 silly reify   '/Users/lukeaustin/Desktop/3D Portfolio/node_modules/@esbuild/win32-x64'
357 silly reify ]
358 verbose reify failed optional dependency /Users/lukeaustin/Desktop/3D Portfolio/node_modules/@esbuild/win32-ia32
359 silly reify mark deleted [
359 silly reify   '/Users/lukeaustin/Desktop/3D Portfolio/node_modules/@esbuild/win32-ia32'
359 silly reify ]
360 verbose reify failed optional dependency /Users/lukeaustin/Desktop/3D Portfolio/node_modules/@esbuild/win32-arm64
361 silly reify mark deleted [
361 silly reify   '/Users/lukeaustin/Desktop/3D Portfolio/node_modules/@esbuild/win32-arm64'
361 silly reify ]
362 verbose reify failed optional dependency /Users/lukeaustin/Desktop/3D Portfolio/node_modules/@esbuild/sunos-x64
363 silly reify mark deleted [
363 silly reify   '/Users/lukeaustin/Desktop/3D Portfolio/node_modules/@esbuild/sunos-x64'
363 silly reify ]
364 verbose reify failed optional dependency /Users/lukeaustin/Desktop/3D Portfolio/node_modules/@esbuild/openbsd-x64
365 silly reify mark deleted [
365 silly reify   '/Users/lukeaustin/Desktop/3D Portfolio/node_modules/@esbuild/openbsd-x64'
365 silly reify ]
366 verbose reify failed optional dependency /Users/lukeaustin/Desktop/3D Portfolio/node_modules/@esbuild/netbsd-x64
367 silly reify mark deleted [
367 silly reify   '/Users/lukeaustin/Desktop/3D Portfolio/node_modules/@esbuild/netbsd-x64'
367 silly reify ]
368 verbose reify failed optional dependency /Users/lukeaustin/Desktop/3D Portfolio/node_modules/@esbuild/linux-x64
369 silly reify mark deleted [
369 silly reify   '/Users/lukeaustin/Desktop/3D Portfolio/node_modules/@esbuild/linux-x64'
369 silly reify ]
370 verbose reify failed optional dependency /Users/lukeaustin/Desktop/3D Portfolio/node_modules/@esbuild/linux-s390x
371 silly reify mark deleted [
371 silly reify   '/Users/lukeaustin/Desktop/3D Portfolio/node_modules/@esbuild/linux-s390x'
371 silly reify ]
372 verbose reify failed optional dependency /Users/lukeaustin/Desktop/3D Portfolio/node_modules/@esbuild/linux-riscv64
373 silly reify mark deleted [
373 silly reify   '/Users/lukeaustin/Desktop/3D Portfolio/node_modules/@esbuild/linux-riscv64'
373 silly reify ]
374 verbose reify failed optional dependency /Users/lukeaustin/Desktop/3D Portfolio/node_modules/@esbuild/linux-ppc64
375 silly reify mark deleted [
375 silly reify   '/Users/lukeaustin/Desktop/3D Portfolio/node_modules/@esbuild/linux-ppc64'
375 silly reify ]
376 verbose reify failed optional dependency /Users/lukeaustin/Desktop/3D Portfolio/node_modules/@esbuild/linux-mips64el
377 silly reify mark deleted [
377 silly reify   '/Users/lukeaustin/Desktop/3D Portfolio/node_modules/@esbuild/linux-mips64el'
377 silly reify ]
378 verbose reify failed optional dependency /Users/lukeaustin/Desktop/3D Portfolio/node_modules/@esbuild/linux-loong64
379 silly reify mark deleted [
379 silly reify   '/Users/lukeaustin/Desktop/3D Portfolio/node_modules/@esbuild/linux-loong64'
379 silly reify ]
380 verbose reify failed optional dependency /Users/lukeaustin/Desktop/3D Portfolio/node_modules/@esbuild/linux-ia32
381 silly reify mark deleted [
381 silly reify   '/Users/lukeaustin/Desktop/3D Portfolio/node_modules/@esbuild/linux-ia32'
381 silly reify ]
382 verbose reify failed optional dependency /Users/lukeaustin/Desktop/3D Portfolio/node_modules/@esbuild/linux-arm64
383 silly reify mark deleted [
383 silly reify   '/Users/lukeaustin/Desktop/3D Portfolio/node_modules/@esbuild/linux-arm64'
383 silly reify ]
384 verbose reify failed optional dependency /Users/lukeaustin/Desktop/3D Portfolio/node_modules/@esbuild/linux-arm
385 silly reify mark deleted [
385 silly reify   '/Users/lukeaustin/Desktop/3D Portfolio/node_modules/@esbuild/linux-arm'
385 silly reify ]
386 verbose reify failed optional dependency /Users/lukeaustin/Desktop/3D Portfolio/node_modules/@esbuild/freebsd-x64
387 silly reify mark deleted [
387 silly reify   '/Users/lukeaustin/Desktop/3D Portfolio/node_modules/@esbuild/freebsd-x64'
387 silly reify ]
388 verbose reify failed optional dependency /Users/lukeaustin/Desktop/3D Portfolio/node_modules/@esbuild/freebsd-arm64
389 silly reify mark deleted [
389 silly reify   '/Users/lukeaustin/Desktop/3D Portfolio/node_modules/@esbuild/freebsd-arm64'
389 silly reify ]
390 verbose reify failed optional dependency /Users/lukeaustin/Desktop/3D Portfolio/node_modules/@esbuild/darwin-x64
391 silly reify mark deleted [
391 silly reify   '/Users/lukeaustin/Desktop/3D Portfolio/node_modules/@esbuild/darwin-x64'
391 silly reify ]
392 verbose reify failed optional dependency /Users/lukeaustin/Desktop/3D Portfolio/node_modules/@esbuild/android-x64
393 silly reify mark deleted [
393 silly reify   '/Users/lukeaustin/Desktop/3D Portfolio/node_modules/@esbuild/android-x64'
393 silly reify ]
394 verbose reify failed optional dependency /Users/lukeaustin/Desktop/3D Portfolio/node_modules/@esbuild/android-arm64
395 silly reify mark deleted [
395 silly reify   '/Users/lukeaustin/Desktop/3D Portfolio/node_modules/@esbuild/android-arm64'
395 silly reify ]
396 verbose reify failed optional dependency /Users/lukeaustin/Desktop/3D Portfolio/node_modules/@esbuild/android-arm
397 silly reify mark deleted [
397 silly reify   '/Users/lukeaustin/Desktop/3D Portfolio/node_modules/@esbuild/android-arm'
397 silly reify ]
398 timing reifyNode:node_modules/@esbuild/win32-x64 Completed in 11ms
399 timing reifyNode:node_modules/@esbuild/win32-ia32 Completed in 11ms
400 timing reifyNode:node_modules/@esbuild/win32-arm64 Completed in 11ms
401 timing reifyNode:node_modules/@esbuild/sunos-x64 Completed in 11ms
402 timing reifyNode:node_modules/@esbuild/openbsd-x64 Completed in 11ms
403 timing reifyNode:node_modules/@esbuild/netbsd-x64 Completed in 11ms
404 timing reifyNode:node_modules/@esbuild/linux-x64 Completed in 11ms
405 timing reifyNode:node_modules/@esbuild/linux-s390x Completed in 11ms
406 timing reifyNode:node_modules/@esbuild/linux-riscv64 Completed in 11ms
407 timing reifyNode:node_modules/@esbuild/linux-ppc64 Completed in 10ms
408 timing reifyNode:node_modules/@esbuild/linux-mips64el Completed in 10ms
409 timing reifyNode:node_modules/@esbuild/linux-loong64 Completed in 10ms
410 timing reifyNode:node_modules/@esbuild/linux-ia32 Completed in 10ms
411 timing reifyNode:node_modules/@esbuild/linux-arm64 Completed in 11ms
412 timing reifyNode:node_modules/@esbuild/linux-arm Completed in 11ms
413 timing reifyNode:node_modules/@esbuild/freebsd-x64 Completed in 11ms
414 timing reifyNode:node_modules/@esbuild/freebsd-arm64 Completed in 11ms
415 timing reifyNode:node_modules/@esbuild/darwin-x64 Completed in 11ms
416 timing reifyNode:node_modules/@esbuild/android-x64 Completed in 11ms
417 timing reifyNode:node_modules/@esbuild/android-arm64 Completed in 11ms
418 timing reifyNode:node_modules/@esbuild/android-arm Completed in 11ms
419 silly tarball no local data for require-from-string@https://registry.npmjs.org/require-from-string/-/require-from-string-2.0.2.tgz. Extracting by manifest.
420 silly tarball no local data for webgl-sdf-generator@https://registry.npmjs.org/webgl-sdf-generator/-/webgl-sdf-generator-1.1.1.tgz. Extracting by manifest.
421 silly tarball no local data for troika-worker-utils@https://registry.npmjs.org/troika-worker-utils/-/troika-worker-utils-0.47.2.tgz. Extracting by manifest.
422 silly tarball no local data for bidi-js@https://registry.npmjs.org/bidi-js/-/bidi-js-1.0.2.tgz. Extracting by manifest.
423 silly tarball no local data for troika-three-utils@https://registry.npmjs.org/troika-three-utils/-/troika-three-utils-0.47.2.tgz. Extracting by manifest.
424 silly tarball no local data for string.prototype.codepointat@https://registry.npmjs.org/string.prototype.codepointat/-/string.prototype.codepointat-0.2.1.tgz. Extracting by manifest.
425 silly tarball no local data for regexp-to-ast@https://registry.npmjs.org/regexp-to-ast/-/regexp-to-ast-0.5.0.tgz. Extracting by manifest.
426 silly tarball no local data for tiny-inflate@https://registry.npmjs.org/tiny-inflate/-/tiny-inflate-1.0.3.tgz. Extracting by manifest.
427 silly tarball no local data for @chevrotain/types@https://registry.npmjs.org/@chevrotain/types/-/types-10.5.0.tgz. Extracting by manifest.
428 silly tarball no local data for zstddec@https://registry.npmjs.org/zstddec/-/zstddec-0.0.2.tgz. Extracting by manifest.
429 silly tarball no local data for @chevrotain/utils@https://registry.npmjs.org/@chevrotain/utils/-/utils-10.5.0.tgz. Extracting by manifest.
430 silly tarball no local data for potpack@https://registry.npmjs.org/potpack/-/potpack-1.0.2.tgz. Extracting by manifest.
431 silly tarball no local data for @chevrotain/gast@https://registry.npmjs.org/@chevrotain/gast/-/gast-10.5.0.tgz. Extracting by manifest.
432 silly tarball no local data for opentype.js@https://registry.npmjs.org/opentype.js/-/opentype.js-1.3.4.tgz. Extracting by manifest.
433 silly tarball no local data for lodash@https://registry.npmjs.org/lodash/-/lodash-4.17.21.tgz. Extracting by manifest.
434 silly tarball no local data for mmd-parser@https://registry.npmjs.org/mmd-parser/-/mmd-parser-1.0.4.tgz. Extracting by manifest.
435 silly tarball no local data for @chevrotain/cst-dts-gen@https://registry.npmjs.org/@chevrotain/cst-dts-gen/-/cst-dts-gen-10.5.0.tgz. Extracting by manifest.
436 silly tarball no local data for fflate@https://registry.npmjs.org/fflate/-/fflate-0.6.10.tgz. Extracting by manifest.
437 silly tarball no local data for @types/offscreencanvas@https://registry.npmjs.org/@types/offscreencanvas/-/offscreencanvas-2019.7.0.tgz. Extracting by manifest.
438 silly tarball no local data for react-intersection-observer@https://registry.npmjs.org/react-intersection-observer/-/react-intersection-observer-8.34.0.tgz. Extracting by manifest.
439 silly tarball no local data for @types/draco3d@https://registry.npmjs.org/@types/draco3d/-/draco3d-1.4.2.tgz. Extracting by manifest.
440 silly tarball no local data for draco3d@https://registry.npmjs.org/draco3d/-/draco3d-1.5.6.tgz. Extracting by manifest.
441 silly tarball no local data for classnames@https://registry.npmjs.org/classnames/-/classnames-2.3.2.tgz. Extracting by manifest.
442 silly tarball no local data for react-router@https://registry.npmjs.org/react-router/-/react-router-6.14.2.tgz. Extracting by manifest.
443 silly tarball no local data for ktx-parse@https://registry.npmjs.org/ktx-parse/-/ktx-parse-0.4.5.tgz. Extracting by manifest.
444 silly tarball no local data for @types/webxr@https://registry.npmjs.org/@types/webxr/-/webxr-0.5.2.tgz. Extracting by manifest.
445 silly tarball no local data for chevrotain@https://registry.npmjs.org/chevrotain/-/chevrotain-10.5.0.tgz. Extracting by manifest.
446 silly tarball no local data for @emotion/is-prop-valid@https://registry.npmjs.org/@emotion/is-prop-valid/-/is-prop-valid-0.8.8.tgz. Extracting by manifest.
447 silly tarball no local data for @use-gesture/core@https://registry.npmjs.org/@use-gesture/core/-/core-10.2.27.tgz. Extracting by manifest.
448 silly tarball no local data for @remix-run/router@https://registry.npmjs.org/@remix-run/router/-/router-1.7.2.tgz. Extracting by manifest.
449 silly tarball no local data for tslib@https://registry.npmjs.org/tslib/-/tslib-2.6.0.tgz. Extracting by manifest.
450 silly tarball no local data for its-fine@https://registry.npmjs.org/its-fine/-/its-fine-1.1.1.tgz. Extracting by manifest.
451 silly tarball no local data for react-use-measure@https://registry.npmjs.org/react-use-measure/-/react-use-measure-2.1.1.tgz. Extracting by manifest.
452 silly tarball no local data for @react-spring/types@https://registry.npmjs.org/@react-spring/types/-/types-9.6.1.tgz. Extracting by manifest.
453 silly tarball no local data for @react-spring/core@https://registry.npmjs.org/@react-spring/core/-/core-9.6.1.tgz. Extracting by manifest.
454 silly tarball no local data for @react-spring/shared@https://registry.npmjs.org/@react-spring/shared/-/shared-9.6.1.tgz. Extracting by manifest.
455 silly tarball no local data for @react-spring/rafz@https://registry.npmjs.org/@react-spring/rafz/-/rafz-9.6.1.tgz. Extracting by manifest.
456 silly tarball no local data for @react-spring/animated@https://registry.npmjs.org/@react-spring/animated/-/animated-9.6.1.tgz. Extracting by manifest.
457 silly tarball no local data for debounce@https://registry.npmjs.org/debounce/-/debounce-1.2.1.tgz. Extracting by manifest.
458 silly tarball no local data for utility-types@https://registry.npmjs.org/utility-types/-/utility-types-3.10.0.tgz. Extracting by manifest.
459 silly tarball no local data for three-stdlib@https://registry.npmjs.org/three-stdlib/-/three-stdlib-2.23.13.tgz. Extracting by manifest.
460 silly tarball no local data for @emotion/memoize@https://registry.npmjs.org/@emotion/memoize/-/memoize-0.7.4.tgz. Extracting by manifest.
461 silly tarball no local data for react-reconciler@https://registry.npmjs.org/react-reconciler/-/react-reconciler-0.27.0.tgz. Extracting by manifest.
462 silly tarball no local data for suspend-react@https://registry.npmjs.org/suspend-react/-/suspend-react-0.1.3.tgz. Extracting by manifest.
463 silly tarball no local data for troika-three-text@https://registry.npmjs.org/troika-three-text/-/troika-three-text-0.47.2.tgz. Extracting by manifest.
464 silly tarball no local data for zustand@https://registry.npmjs.org/zustand/-/zustand-3.7.2.tgz. Extracting by manifest.
465 silly tarball no local data for stats.js@https://registry.npmjs.org/stats.js/-/stats.js-0.17.0.tgz. Extracting by manifest.
466 silly tarball no local data for react-composer@https://registry.npmjs.org/react-composer/-/react-composer-5.0.3.tgz. Extracting by manifest.
467 silly tarball no local data for meshline@https://registry.npmjs.org/meshline/-/meshline-3.1.6.tgz. Extracting by manifest.
468 silly tarball no local data for lodash.pick@https://registry.npmjs.org/lodash.pick/-/lodash.pick-4.4.0.tgz. Extracting by manifest.
469 silly tarball no local data for react-merge-refs@https://registry.npmjs.org/react-merge-refs/-/react-merge-refs-1.1.0.tgz. Extracting by manifest.
470 silly tarball no local data for lodash.omit@https://registry.npmjs.org/lodash.omit/-/lodash.omit-4.5.0.tgz. Extracting by manifest.
471 silly tarball no local data for @types/react-reconciler@https://registry.npmjs.org/@types/react-reconciler/-/react-reconciler-0.26.7.tgz. Extracting by manifest.
472 silly tarball no local data for lodash.clamp@https://registry.npmjs.org/lodash.clamp/-/lodash.clamp-4.0.3.tgz. Extracting by manifest.
473 silly tarball no local data for detect-gpu@https://registry.npmjs.org/detect-gpu/-/detect-gpu-5.0.34.tgz. Extracting by manifest.
474 silly tarball no local data for camera-controls@https://registry.npmjs.org/camera-controls/-/camera-controls-2.7.0.tgz. Extracting by manifest.
475 silly tarball no local data for @use-gesture/react@https://registry.npmjs.org/@use-gesture/react/-/react-10.2.27.tgz. Extracting by manifest.
476 silly tarball no local data for glsl-noise@https://registry.npmjs.org/glsl-noise/-/glsl-noise-0.0.0.tgz. Extracting by manifest.
477 silly tarball no local data for @react-spring/three@https://registry.npmjs.org/@react-spring/three/-/three-9.6.1.tgz. Extracting by manifest.
478 silly tarball no local data for @mediapipe/tasks-vision@https://registry.npmjs.org/@mediapipe/tasks-vision/-/tasks-vision-0.10.2.tgz. Extracting by manifest.
479 silly tarball no local data for react-vertical-timeline-component@https://registry.npmjs.org/react-vertical-timeline-component/-/react-vertical-timeline-component-3.6.0.tgz. Extracting by manifest.
480 silly tarball no local data for react-tilt@https://registry.npmjs.org/react-tilt/-/react-tilt-1.0.2.tgz. Extracting by manifest.
481 silly tarball no local data for maath@https://registry.npmjs.org/maath/-/maath-0.7.0.tgz. Extracting by manifest.
482 silly tarball no local data for react-router-dom@https://registry.npmjs.org/react-router-dom/-/react-router-dom-6.14.2.tgz. Extracting by manifest.
483 silly tarball no local data for @react-three/fiber@https://registry.npmjs.org/@react-three/fiber/-/fiber-8.13.5.tgz. Extracting by manifest.
484 silly tarball no local data for three-mesh-bvh@https://registry.npmjs.org/three-mesh-bvh/-/three-mesh-bvh-0.6.3.tgz. Extracting by manifest.
485 silly tarball no local data for @react-three/drei@https://registry.npmjs.org/@react-three/drei/-/drei-9.79.3.tgz. Extracting by manifest.
486 silly tarball no local data for stats-gl@https://registry.npmjs.org/stats-gl/-/stats-gl-1.0.4.tgz. Extracting by manifest.
487 silly tarball no local data for @types/react-reconciler@https://registry.npmjs.org/@types/react-reconciler/-/react-reconciler-0.28.2.tgz. Extracting by manifest.
488 silly tarball no local data for scheduler@https://registry.npmjs.org/scheduler/-/scheduler-0.21.0.tgz. Extracting by manifest.
489 silly tarball no local data for scheduler@https://registry.npmjs.org/scheduler/-/scheduler-0.21.0.tgz. Extracting by manifest.
490 silly tarball no local data for framer-motion@https://registry.npmjs.org/framer-motion/-/framer-motion-10.13.1.tgz. Extracting by manifest.
491 silly tarball no local data for @babel/runtime@https://registry.npmjs.org/@babel/runtime/-/runtime-7.22.6.tgz. Extracting by manifest.
492 silly tarball no local data for maath@https://registry.npmjs.org/maath/-/maath-0.6.0.tgz. Extracting by manifest.
493 silly tarball no local data for @emailjs/browser@https://registry.npmjs.org/@emailjs/browser/-/browser-3.11.0.tgz. Extracting by manifest.
494 silly tarball no local data for regenerator-runtime@https://registry.npmjs.org/regenerator-runtime/-/regenerator-runtime-0.13.11.tgz. Extracting by manifest.
495 silly tarball no local data for webgl-constants@https://registry.npmjs.org/webgl-constants/-/webgl-constants-1.1.1.tgz. Extracting by manifest.
496 http fetch GET 200 https://registry.npmjs.org/potpack/-/potpack-1.0.2.tgz 119ms (cache miss)
497 timing reifyNode:node_modules/potpack Completed in 149ms
498 http fetch GET 200 https://registry.npmjs.org/string.prototype.codepointat/-/string.prototype.codepointat-0.2.1.tgz 125ms (cache miss)
499 timing reifyNode:node_modules/string.prototype.codepointat Completed in 151ms
500 http fetch GET 200 https://registry.npmjs.org/webgl-sdf-generator/-/webgl-sdf-generator-1.1.1.tgz 134ms (cache miss)
501 http fetch GET 200 https://registry.npmjs.org/regexp-to-ast/-/regexp-to-ast-0.5.0.tgz 132ms (cache miss)
502 http fetch GET 200 https://registry.npmjs.org/require-from-string/-/require-from-string-2.0.2.tgz 136ms (cache miss)
503 timing reifyNode:node_modules/require-from-string Completed in 161ms
504 timing reifyNode:node_modules/regexp-to-ast Completed in 161ms
505 timing reifyNode:node_modules/webgl-sdf-generator Completed in 163ms
506 http fetch GET 200 https://registry.npmjs.org/tiny-inflate/-/tiny-inflate-1.0.3.tgz 137ms (cache miss)
507 timing reifyNode:node_modules/tiny-inflate Completed in 164ms
508 http fetch GET 200 https://registry.npmjs.org/troika-worker-utils/-/troika-worker-utils-0.47.2.tgz 145ms (cache miss)
509 timing reifyNode:node_modules/troika-worker-utils Completed in 173ms
510 http fetch GET 200 https://registry.npmjs.org/bidi-js/-/bidi-js-1.0.2.tgz 166ms (cache miss)
511 http fetch GET 200 https://registry.npmjs.org/@types/offscreencanvas/-/offscreencanvas-2019.7.0.tgz 164ms (cache miss)
512 timing reifyNode:node_modules/@types/offscreencanvas Completed in 197ms
513 http fetch GET 200 https://registry.npmjs.org/classnames/-/classnames-2.3.2.tgz 163ms (cache miss)
514 timing reifyNode:node_modules/classnames Completed in 196ms
515 http fetch POST 200 https://registry.npmjs.org/-/npm/v1/security/advisories/bulk 203ms
516 timing auditReport:getReport Completed in 209ms
517 silly audit report {}
518 timing auditReport:init Completed in 0ms
519 timing reify:audit Completed in 209ms
520 timing reifyNode:node_modules/bidi-js Completed in 201ms
521 http fetch GET 200 https://registry.npmjs.org/troika-three-utils/-/troika-three-utils-0.47.2.tgz 179ms (cache miss)
522 timing reifyNode:node_modules/troika-three-utils Completed in 208ms
523 http fetch GET 200 https://registry.npmjs.org/react-intersection-observer/-/react-intersection-observer-8.34.0.tgz 202ms (cache miss)
524 timing reifyNode:node_modules/react-intersection-observer Completed in 238ms
525 http fetch GET 200 https://registry.npmjs.org/zstddec/-/zstddec-0.0.2.tgz 212ms (cache miss)
526 timing reifyNode:node_modules/zstddec Completed in 242ms
527 http fetch GET 200 https://registry.npmjs.org/its-fine/-/its-fine-1.1.1.tgz 220ms (cache miss)
528 timing reifyNode:node_modules/its-fine Completed in 259ms
529 http fetch GET 200 https://registry.npmjs.org/tslib/-/tslib-2.6.0.tgz 223ms (cache miss)
530 timing reifyNode:node_modules/tslib Completed in 265ms
531 http fetch GET 200 https://registry.npmjs.org/mmd-parser/-/mmd-parser-1.0.4.tgz 238ms (cache miss)
532 timing reifyNode:node_modules/mmd-parser Completed in 269ms
533 http fetch GET 200 https://registry.npmjs.org/debounce/-/debounce-1.2.1.tgz 243ms (cache miss)
534 timing reifyNode:node_modules/debounce Completed in 285ms
535 http fetch GET 200 https://registry.npmjs.org/fflate/-/fflate-0.6.10.tgz 261ms (cache miss)
536 timing reifyNode:node_modules/fflate Completed in 293ms
537 http fetch GET 200 https://registry.npmjs.org/ktx-parse/-/ktx-parse-0.4.5.tgz 260ms (cache miss)
538 http fetch GET 200 https://registry.npmjs.org/react-use-measure/-/react-use-measure-2.1.1.tgz 256ms (cache miss)
539 timing reifyNode:node_modules/ktx-parse Completed in 296ms
540 timing reifyNode:node_modules/react-use-measure Completed in 295ms
541 http fetch GET 200 https://registry.npmjs.org/draco3d/-/draco3d-1.5.6.tgz 275ms (cache miss)
542 timing reifyNode:node_modules/draco3d Completed in 308ms
543 http fetch GET 200 https://registry.npmjs.org/react-router/-/react-router-6.14.2.tgz 282ms (cache miss)
544 timing reifyNode:node_modules/react-router Completed in 326ms
545 http fetch GET 200 https://registry.npmjs.org/utility-types/-/utility-types-3.10.0.tgz 310ms (cache miss)
546 timing reifyNode:node_modules/utility-types Completed in 361ms
547 http fetch GET 200 https://registry.npmjs.org/@react-spring/shared/-/shared-9.6.1.tgz 511ms (cache miss)
548 timing reifyNode:node_modules/@react-spring/shared Completed in 553ms
549 http fetch GET 200 https://registry.npmjs.org/@react-spring/types/-/types-9.6.1.tgz 548ms (cache miss)
550 timing reifyNode:node_modules/@react-spring/types Completed in 585ms
551 http fetch GET 200 https://registry.npmjs.org/opentype.js/-/opentype.js-1.3.4.tgz 609ms (cache miss)
552 timing reifyNode:node_modules/opentype.js Completed in 644ms
553 http fetch GET 200 https://registry.npmjs.org/react-reconciler/-/react-reconciler-0.27.0.tgz 602ms (cache miss)
554 timing reifyNode:node_modules/react-reconciler Completed in 644ms
555 http fetch GET 200 https://registry.npmjs.org/troika-three-text/-/troika-three-text-0.47.2.tgz 624ms (cache miss)
556 timing reifyNode:node_modules/troika-three-text Completed in 667ms
557 http fetch GET 200 https://registry.npmjs.org/stats.js/-/stats.js-0.17.0.tgz 629ms (cache miss)
558 timing reifyNode:node_modules/stats.js Completed in 671ms
559 http fetch GET 200 https://registry.npmjs.org/react-composer/-/react-composer-5.0.3.tgz 662ms (cache miss)
560 timing reifyNode:node_modules/react-composer Completed in 705ms
561 http fetch GET 200 https://registry.npmjs.org/zustand/-/zustand-3.7.2.tgz 664ms (cache miss)
562 timing reifyNode:node_modules/zustand Completed in 706ms
563 http fetch GET 200 https://registry.npmjs.org/meshline/-/meshline-3.1.6.tgz 698ms (cache miss)
564 timing reifyNode:node_modules/meshline Completed in 745ms
565 http fetch GET 200 https://registry.npmjs.org/suspend-react/-/suspend-react-0.1.3.tgz 705ms (cache miss)
566 timing reifyNode:node_modules/suspend-react Completed in 746ms
567 http fetch GET 200 https://registry.npmjs.org/@chevrotain/gast/-/gast-10.5.0.tgz 729ms (cache miss)
568 http fetch GET 200 https://registry.npmjs.org/chevrotain/-/chevrotain-10.5.0.tgz 725ms (cache miss)
569 timing reifyNode:node_modules/chevrotain Completed in 760ms
570 timing reifyNode:node_modules/@chevrotain/gast Completed in 764ms
571 http fetch GET 200 https://registry.npmjs.org/react-merge-refs/-/react-merge-refs-1.1.0.tgz 731ms (cache miss)
572 http fetch GET 200 https://registry.npmjs.org/lodash.pick/-/lodash.pick-4.4.0.tgz 733ms (cache miss)
573 timing reifyNode:node_modules/lodash.pick Completed in 776ms
574 timing reifyNode:node_modules/react-merge-refs Completed in 778ms
575 http fetch GET 200 https://registry.npmjs.org/lodash.omit/-/lodash.omit-4.5.0.tgz 750ms (cache miss)
576 timing reifyNode:node_modules/lodash.omit Completed in 796ms
577 http fetch GET 200 https://registry.npmjs.org/@chevrotain/types/-/types-10.5.0.tgz 773ms (cache miss)
578 timing reifyNode:node_modules/@chevrotain/types Completed in 799ms
579 http fetch GET 200 https://registry.npmjs.org/@chevrotain/utils/-/utils-10.5.0.tgz 778ms (cache miss)
580 http fetch GET 200 https://registry.npmjs.org/lodash.clamp/-/lodash.clamp-4.0.3.tgz 761ms (cache miss)
581 timing reifyNode:node_modules/lodash.clamp Completed in 808ms
582 timing reifyNode:node_modules/@chevrotain/utils Completed in 811ms
583 http fetch GET 200 https://registry.npmjs.org/@types/webxr/-/webxr-0.5.2.tgz 779ms (cache miss)
584 timing reifyNode:node_modules/@types/webxr Completed in 815ms
585 http fetch GET 200 https://registry.npmjs.org/@types/react-reconciler/-/react-reconciler-0.26.7.tgz 784ms (cache miss)
586 timing reifyNode:node_modules/@types/react-reconciler Completed in 831ms
587 http fetch GET 200 https://registry.npmjs.org/@types/draco3d/-/draco3d-1.4.2.tgz 799ms (cache miss)
588 timing reifyNode:node_modules/@types/draco3d Completed in 832ms
589 http fetch GET 200 https://registry.npmjs.org/glsl-noise/-/glsl-noise-0.0.0.tgz 784ms (cache miss)
590 timing reifyNode:node_modules/glsl-noise Completed in 834ms
591 http fetch GET 200 https://registry.npmjs.org/camera-controls/-/camera-controls-2.7.0.tgz 793ms (cache miss)
592 timing reifyNode:node_modules/camera-controls Completed in 842ms
593 http fetch GET 200 https://registry.npmjs.org/@chevrotain/cst-dts-gen/-/cst-dts-gen-10.5.0.tgz 840ms (cache miss)
594 http fetch GET 200 https://registry.npmjs.org/react-vertical-timeline-component/-/react-vertical-timeline-component-3.6.0.tgz 822ms (cache miss)
595 timing reifyNode:node_modules/@chevrotain/cst-dts-gen Completed in 876ms
596 timing reifyNode:node_modules/react-vertical-timeline-component Completed in 878ms
597 http fetch GET 200 https://registry.npmjs.org/@react-spring/rafz/-/rafz-9.6.1.tgz 858ms (cache miss)
598 timing reifyNode:node_modules/@react-spring/rafz Completed in 908ms
599 http fetch GET 200 https://registry.npmjs.org/detect-gpu/-/detect-gpu-5.0.34.tgz 877ms (cache miss)
600 timing reifyNode:node_modules/detect-gpu Completed in 939ms
601 http fetch GET 200 https://registry.npmjs.org/stats-gl/-/stats-gl-1.0.4.tgz 900ms (cache miss)
602 timing reifyNode:node_modules/stats-gl Completed in 966ms
603 http fetch GET 200 https://registry.npmjs.org/@react-spring/animated/-/animated-9.6.1.tgz 934ms (cache miss)
604 http fetch GET 200 https://registry.npmjs.org/regenerator-runtime/-/regenerator-runtime-0.13.11.tgz 927ms (cache miss)
605 timing reifyNode:node_modules/regenerator-runtime Completed in 984ms
606 http fetch GET 200 https://registry.npmjs.org/scheduler/-/scheduler-0.21.0.tgz 932ms (cache miss)
607 timing reifyNode:node_modules/react-reconciler/node_modules/scheduler Completed in 991ms
608 http fetch GET 200 https://registry.npmjs.org/scheduler/-/scheduler-0.21.0.tgz 938ms (cache miss)
609 timing reifyNode:node_modules/@react-spring/animated Completed in 995ms
610 timing reifyNode:node_modules/@react-three/fiber/node_modules/scheduler Completed in 996ms
611 http fetch GET 200 https://registry.npmjs.org/react-router-dom/-/react-router-dom-6.14.2.tgz 948ms (cache miss)
612 timing reifyNode:node_modules/react-router-dom Completed in 1001ms
613 http fetch GET 200 https://registry.npmjs.org/@emotion/is-prop-valid/-/is-prop-valid-0.8.8.tgz 979ms (cache miss)
614 http fetch GET 200 https://registry.npmjs.org/@react-spring/core/-/core-9.6.1.tgz 984ms (cache miss)
615 timing reifyNode:node_modules/@react-spring/core Completed in 1024ms
616 timing reifyNode:node_modules/@emotion/is-prop-valid Completed in 1027ms
617 http fetch GET 200 https://registry.npmjs.org/webgl-constants/-/webgl-constants-1.1.1.tgz 981ms (cache miss)
618 timing reifyNode:node_modules/webgl-constants Completed in 1048ms
619 http fetch GET 200 https://registry.npmjs.org/@use-gesture/react/-/react-10.2.27.tgz 1002ms (cache miss)
620 timing reifyNode:node_modules/@use-gesture/react Completed in 1053ms
621 http fetch GET 200 https://registry.npmjs.org/@react-spring/three/-/three-9.6.1.tgz 1014ms (cache miss)
622 timing reifyNode:node_modules/@react-spring/three Completed in 1063ms
623 http fetch GET 200 https://registry.npmjs.org/three-mesh-bvh/-/three-mesh-bvh-0.6.3.tgz 1057ms (cache miss)
624 timing reifyNode:node_modules/three-mesh-bvh Completed in 1109ms
625 http fetch GET 200 https://registry.npmjs.org/maath/-/maath-0.7.0.tgz 1059ms (cache miss)
626 http fetch GET 200 https://registry.npmjs.org/@types/react-reconciler/-/react-reconciler-0.28.2.tgz 1057ms (cache miss)
627 timing reifyNode:node_modules/its-fine/node_modules/@types/react-reconciler Completed in 1112ms
628 http fetch GET 200 https://registry.npmjs.org/react-tilt/-/react-tilt-1.0.2.tgz 1061ms (cache miss)
629 timing reifyNode:node_modules/react-tilt Completed in 1110ms
630 timing reifyNode:node_modules/maath Completed in 1111ms
631 http fetch GET 200 https://registry.npmjs.org/@remix-run/router/-/router-1.7.2.tgz 1087ms (cache miss)
632 timing reifyNode:node_modules/@remix-run/router Completed in 1124ms
633 http fetch GET 200 https://registry.npmjs.org/@use-gesture/core/-/core-10.2.27.tgz 1089ms (cache miss)
634 timing reifyNode:node_modules/@use-gesture/core Completed in 1125ms
635 http fetch GET 200 https://registry.npmjs.org/maath/-/maath-0.6.0.tgz 1084ms (cache miss)
636 timing reifyNode:node_modules/@react-three/drei/node_modules/maath Completed in 1140ms
637 http fetch GET 200 https://registry.npmjs.org/@emotion/memoize/-/memoize-0.7.4.tgz 1119ms (cache miss)
638 timing reifyNode:node_modules/@emotion/memoize Completed in 1163ms
639 http fetch GET 200 https://registry.npmjs.org/lodash/-/lodash-4.17.21.tgz 1174ms (cache miss)
640 timing reifyNode:node_modules/lodash Completed in 1207ms
641 http fetch GET 200 https://registry.npmjs.org/framer-motion/-/framer-motion-10.13.1.tgz 1245ms (cache miss)
642 timing reifyNode:node_modules/framer-motion Completed in 1299ms
643 http fetch GET 200 https://registry.npmjs.org/three-stdlib/-/three-stdlib-2.23.13.tgz 1286ms (cache miss)
644 timing reifyNode:node_modules/three-stdlib Completed in 1325ms
645 http fetch GET 200 https://registry.npmjs.org/@babel/runtime/-/runtime-7.22.6.tgz 1647ms (cache miss)
646 timing reifyNode:node_modules/@babel/runtime Completed in 1700ms
647 http fetch GET 200 https://registry.npmjs.org/@react-three/fiber/-/fiber-8.13.5.tgz 1657ms (cache miss)
648 timing reifyNode:node_modules/@react-three/fiber Completed in 1708ms
649 http fetch GET 200 https://registry.npmjs.org/@react-three/drei/-/drei-9.79.3.tgz 1700ms (cache miss)
650 timing reifyNode:node_modules/@react-three/drei Completed in 1751ms
651 http fetch GET 200 https://registry.npmjs.org/@emailjs/browser/-/browser-3.11.0.tgz 1754ms (cache miss)
652 timing reifyNode:node_modules/@emailjs/browser Completed in 1811ms
653 http fetch GET 200 https://registry.npmjs.org/@mediapipe/tasks-vision/-/tasks-vision-0.10.2.tgz 1802ms (cache miss)
654 timing reifyNode:node_modules/@mediapipe/tasks-vision Completed in 1850ms
655 timing reify:unpack Completed in 1856ms
656 timing reify:unretire Completed in 4ms
657 timing build:queue Completed in 3ms
658 timing build:link:node_modules/opentype.js Completed in 1ms
659 timing build:link Completed in 1ms
660 info run react-vertical-timeline-component@3.6.0 postinstall node_modules/react-vertical-timeline-component node lib/post_install.js
661 info run react-vertical-timeline-component@3.6.0 postinstall { code: 0, signal: null }
662 timing build:run:postinstall:node_modules/react-vertical-timeline-component Completed in 95ms
663 timing build:run:postinstall Completed in 95ms
664 timing build:deps Completed in 99ms
665 timing build Completed in 99ms
666 timing reify:build Completed in 99ms
667 timing reify:trash Completed in 1ms
668 timing reify:save Completed in 52ms
669 timing reify Completed in 13566ms
670 silly ADD node_modules/require-from-string
671 silly ADD node_modules/webgl-sdf-generator
672 silly ADD node_modules/troika-worker-utils
673 silly ADD node_modules/troika-three-utils
674 silly ADD node_modules/bidi-js
675 silly ADD node_modules/tiny-inflate
676 silly ADD node_modules/string.prototype.codepointat
677 silly ADD node_modules/regexp-to-ast
678 silly ADD node_modules/lodash
679 silly ADD node_modules/@chevrotain/utils
680 silly ADD node_modules/@chevrotain/types
681 silly ADD node_modules/@chevrotain/gast
682 silly ADD node_modules/@chevrotain/cst-dts-gen
683 silly ADD node_modules/zstddec
684 silly ADD node_modules/potpack
685 silly ADD node_modules/opentype.js
686 silly ADD node_modules/mmd-parser
687 silly ADD node_modules/ktx-parse
688 silly ADD node_modules/fflate
689 silly ADD node_modules/draco3d
690 silly ADD node_modules/chevrotain
691 silly ADD node_modules/@types/webxr
692 silly ADD node_modules/@types/offscreencanvas
693 silly ADD node_modules/@types/draco3d
694 silly ADD node_modules/react-intersection-observer
695 silly ADD node_modules/classnames
696 silly ADD node_modules/debounce
697 silly ADD node_modules/react-router
698 silly ADD node_modules/@remix-run/router
699 silly ADD node_modules/@emotion/memoize
700 silly ADD node_modules/tslib
701 silly ADD node_modules/@emotion/is-prop-valid
702 silly ADD node_modules/webgl-constants
703 silly ADD node_modules/@use-gesture/core
704 silly ADD node_modules/react-use-measure
705 silly ADD node_modules/react-reconciler
706 silly ADD node_modules/react-reconciler/node_modules/scheduler
707 silly ADD node_modules/its-fine
708 silly ADD node_modules/its-fine/node_modules/@types/react-reconciler
709 silly ADD node_modules/@types/react-reconciler
710 silly ADD node_modules/@react-spring/rafz
711 silly ADD node_modules/@react-spring/types
712 silly ADD node_modules/@react-spring/shared
713 silly ADD node_modules/@react-spring/core
714 silly ADD node_modules/@react-spring/animated
715 silly ADD node_modules/regenerator-runtime
716 silly ADD node_modules/zustand
717 silly ADD node_modules/utility-types
718 silly ADD node_modules/troika-three-text
719 silly ADD node_modules/three-stdlib
720 silly ADD node_modules/three-mesh-bvh
721 silly ADD node_modules/suspend-react
722 silly ADD node_modules/stats.js
723 silly ADD node_modules/stats-gl
724 silly ADD node_modules/react-merge-refs
725 silly ADD node_modules/react-composer
726 silly ADD node_modules/meshline
727 silly ADD node_modules/lodash.pick
728 silly ADD node_modules/lodash.omit
729 silly ADD node_modules/lodash.clamp
730 silly ADD node_modules/glsl-noise
731 silly ADD node_modules/detect-gpu
732 silly ADD node_modules/camera-controls
733 silly ADD node_modules/@use-gesture/react
734 silly ADD node_modules/@react-spring/three
735 silly ADD node_modules/@mediapipe/tasks-vision
736 silly ADD node_modules/@babel/runtime
737 silly ADD node_modules/react-vertical-timeline-component
738 silly ADD node_modules/react-tilt
739 silly ADD node_modules/react-router-dom
740 silly ADD node_modules/maath
741 silly ADD node_modules/framer-motion
742 silly ADD node_modules/@react-three/fiber
743 silly ADD node_modules/@react-three/fiber/node_modules/scheduler
744 silly ADD node_modules/@react-three/drei
745 silly ADD node_modules/@react-three/drei/node_modules/maath
746 silly ADD node_modules/@emailjs/browser
747 silly ADD
748 silly ADD
749 silly ADD
750 silly ADD
751 silly ADD
752 silly ADD
753 silly ADD
754 silly ADD
755 silly ADD
756 silly ADD
757 silly ADD
758 silly ADD
759 silly ADD
760 silly ADD
761 silly ADD
762 silly ADD
763 silly ADD
764 silly ADD
765 silly ADD
766 silly ADD
767 silly ADD
768 timing command:install Completed in 13574ms
769 verbose exit 0
770 timing npm Completed in 13753ms
771 info ok
