0 verbose cli /usr/local/bin/node /usr/local/lib/node_modules/npm/bin/npm-cli.js
1 info using npm@9.6.7
2 info using node@v18.17.0
3 timing npm:load:whichnode Completed in 1ms
4 timing config:load:defaults Completed in 1ms
5 timing config:load:file:/usr/local/lib/node_modules/npm/npmrc Completed in 0ms
6 timing config:load:builtin Completed in 1ms
7 timing config:load:cli Completed in 1ms
8 timing config:load:env Completed in 0ms
9 timing config:load:file:/Users/lukeaustin/Desktop/3D Portfolio/.npmrc Completed in 0ms
10 timing config:load:project Completed in 1ms
11 timing config:load:file:/Users/lukeaustin/.npmrc Completed in 0ms
12 timing config:load:user Completed in 0ms
13 timing config:load:file:/usr/local/etc/npmrc Completed in 0ms
14 timing config:load:global Completed in 0ms
15 timing config:load:setEnvs Completed in 1ms
16 timing config:load Completed in 5ms
17 timing npm:load:configload Completed in 5ms
18 timing npm:load:mkdirpcache Completed in 0ms
19 timing npm:load:mkdirplogs Completed in 0ms
20 verbose title npm exec tailwindscss init
21 verbose argv "exec" "--" "tailwindscss" "init"
22 timing npm:load:setTitle Completed in 8ms
23 timing config:load:flatten Completed in 2ms
24 timing npm:load:display Completed in 2ms
25 verbose logfile logs-max:10 dir:/Users/lukeaustin/.npm/_logs/2023-07-24T19_57_48_451Z-
26 verbose logfile /Users/lukeaustin/.npm/_logs/2023-07-24T19_57_48_451Z-debug-0.log
27 timing npm:load:logFile Completed in 7ms
28 timing npm:load:timers Completed in 0ms
29 timing npm:load:configScope Completed in 0ms
30 timing npm:load Completed in 23ms
31 silly logfile done cleaning log files
32 timing arborist:ctor Completed in 0ms
33 timing arborist:ctor Completed in 0ms
34 http fetch GET 200 https://registry.npmjs.org/tailwindscss 786ms (cache miss)
35 timing arborist:ctor Completed in 0ms
36 timing arborist:ctor Completed in 0ms
37 timing arborist:ctor Completed in 0ms
38 timing idealTree:init Completed in 4ms
39 timing idealTree:userRequests Completed in 2ms
40 silly idealTree buildDeps
41 silly fetch manifest tailwindscss@0.3.0
42 http fetch GET 200 https://registry.npmjs.org/tailwindscss 11ms (cache hit)
43 silly placeDep ROOT tailwindscss@0.3.0 OK for:  want: 0.3.0
44 timing idealTree:#root Completed in 16ms
45 timing idealTree:node_modules/tailwindscss Completed in 0ms
46 timing idealTree:buildDeps Completed in 17ms
47 timing idealTree:fixDepFlags Completed in 0ms
48 timing idealTree Completed in 25ms
49 timing reify:loadTrees Completed in 25ms
50 timing reify:diffTrees Completed in 1ms
51 silly reify moves {}
52 timing reify:retireShallow Completed in 1ms
53 timing reify:createSparse Completed in 1ms
54 timing reify:loadBundles Completed in 0ms
55 silly audit bulk request { tailwindscss: [ '0.3.0' ] }
56 silly tarball no local data for tailwindscss@https://registry.npmjs.org/tailwindscss/-/tailwindscss-0.3.0.tgz. Extracting by manifest.
57 http fetch POST 200 https://registry.npmjs.org/-/npm/v1/security/advisories/bulk 585ms
58 timing auditReport:getReport Completed in 586ms
59 silly audit report {}
60 timing auditReport:init Completed in 0ms
61 timing reify:audit Completed in 588ms
62 http fetch GET 200 https://registry.npmjs.org/tailwindscss/-/tailwindscss-0.3.0.tgz 1333ms (cache miss)
63 timing reifyNode:node_modules/tailwindscss Completed in 1338ms
64 timing reify:unpack Completed in 1338ms
65 timing reify:unretire Completed in 0ms
66 timing build:queue Completed in 0ms
67 timing build:link:node_modules/tailwindscss Completed in 1ms
68 timing build:link Completed in 1ms
69 timing build:deps Completed in 1ms
70 timing build Completed in 1ms
71 timing reify:build Completed in 2ms
72 timing reify:trash Completed in 0ms
73 timing reify:save Completed in 3ms
74 timing reify Completed in 1378ms
75 timing command:exec Completed in 4961ms
76 verbose exit 0
77 timing npm Completed in 5141ms
78 info ok
