0 verbose cli /usr/local/bin/node /usr/local/bin/npm
1 info using npm@9.6.7
2 info using node@v18.17.0
3 timing npm:load:whichnode Completed in 1ms
4 timing config:load:defaults Completed in 1ms
5 timing config:load:file:/usr/local/lib/node_modules/npm/npmrc Completed in 1ms
6 timing config:load:builtin Completed in 1ms
7 timing config:load:cli Completed in 1ms
8 timing config:load:env Completed in 0ms
9 timing config:load:file:/Users/lukeaustin/Desktop/3D Portfolio/.npmrc Completed in 0ms
10 timing config:load:project Completed in 1ms
11 timing config:load:file:/Users/lukeaustin/.npmrc Completed in 0ms
12 timing config:load:user Completed in 0ms
13 timing config:load:file:/usr/local/etc/npmrc Completed in 1ms
14 timing config:load:global Completed in 1ms
15 timing config:load:setEnvs Completed in 0ms
16 timing config:load Completed in 5ms
17 timing npm:load:configload Completed in 5ms
18 timing npm:load:mkdirpcache Completed in 0ms
19 timing npm:load:mkdirplogs Completed in 1ms
20 verbose title npm create vite@latest ./ --template react
21 verbose argv "create" "vite@latest" "./" "--" "--template" "react"
22 timing npm:load:setTitle Completed in 8ms
23 timing config:load:flatten Completed in 2ms
24 timing npm:load:display Completed in 2ms
25 verbose logfile logs-max:10 dir:/Users/lukeaustin/.npm/_logs/2023-07-24T19_51_08_582Z-
26 verbose logfile /Users/lukeaustin/.npm/_logs/2023-07-24T19_51_08_582Z-debug-0.log
27 timing npm:load:logFile Completed in 7ms
28 timing npm:load:timers Completed in 0ms
29 timing npm:load:configScope Completed in 0ms
30 timing npm:load Completed in 24ms
31 timing arborist:ctor Completed in 0ms
32 silly logfile done cleaning log files
33 http fetch GET 200 https://registry.npmjs.org/npm 184ms (cache miss)
34 http fetch GET 200 https://registry.npmjs.org/create-vite 694ms (cache miss)
35 timing arborist:ctor Completed in 0ms
36 timing arborist:ctor Completed in 0ms
37 timing idealTree:init Completed in 5ms
38 timing idealTree:userRequests Completed in 4ms
39 silly idealTree buildDeps
40 silly fetch manifest create-vite@4.4.1
41 http fetch GET 200 https://registry.npmjs.org/create-vite 7ms (cache hit)
42 silly placeDep ROOT create-vite@4.4.1 OK for:  want: 4.4.1
43 timing idealTree:#root Completed in 14ms
44 timing idealTree:node_modules/create-vite Completed in 0ms
45 timing idealTree:buildDeps Completed in 14ms
46 timing idealTree:fixDepFlags Completed in 1ms
47 timing idealTree Completed in 24ms
48 timing reify:loadTrees Completed in 24ms
49 timing reify:diffTrees Completed in 0ms
50 silly reify moves {}
51 timing reify:retireShallow Completed in 0ms
52 timing reify:createSparse Completed in 0ms
53 timing reify:loadBundles Completed in 0ms
54 silly audit bulk request { 'create-vite': [ '4.4.1' ] }
55 silly tarball no local data for create-vite@https://registry.npmjs.org/create-vite/-/create-vite-4.4.1.tgz. Extracting by manifest.
56 http fetch GET 200 https://registry.npmjs.org/create-vite/-/create-vite-4.4.1.tgz 71ms (cache miss)
57 timing reifyNode:node_modules/create-vite Completed in 76ms
58 timing reify:unpack Completed in 76ms
59 timing reify:unretire Completed in 0ms
60 timing build:queue Completed in 1ms
61 timing build:link:node_modules/create-vite Completed in 1ms
62 timing build:link Completed in 1ms
63 timing build:deps Completed in 2ms
64 timing build Completed in 2ms
65 timing reify:build Completed in 2ms
66 timing reify:trash Completed in 0ms
67 timing reify:save Completed in 3ms
68 http fetch POST 200 https://registry.npmjs.org/-/npm/v1/security/advisories/bulk 193ms
69 timing auditReport:getReport Completed in 194ms
70 silly audit report {}
71 timing auditReport:init Completed in 0ms
72 timing reify:audit Completed in 195ms
73 timing reify Completed in 224ms
74 timing command:create Completed in 9382ms
75 notice
75 notice New [33mminor[39m version of npm available! [31m9.6.7[39m -> [32m9.8.1[39m
75 notice Changelog: [36mhttps://github.com/npm/cli/releases/tag/v9.8.1[39m
75 notice Run [32mnpm install -g npm@9.8.1[39m to update!
75 notice
76 verbose exit 0
77 timing npm Completed in 9558ms
78 info ok
