0 verbose cli /usr/local/bin/node /usr/local/bin/npm
1 info using npm@9.6.7
2 info using node@v18.17.0
3 timing npm:load:whichnode Completed in 0ms
4 timing config:load:defaults Completed in 2ms
5 timing config:load:file:/usr/local/lib/node_modules/npm/npmrc Completed in 0ms
6 timing config:load:builtin Completed in 0ms
7 timing config:load:cli Completed in 2ms
8 timing config:load:env Completed in 0ms
9 timing config:load:file:/Users/lukeaustin/Desktop/3D Portfolio/.npmrc Completed in 0ms
10 timing config:load:project Completed in 1ms
11 timing config:load:file:/Users/lukeaustin/.npmrc Completed in 0ms
12 timing config:load:user Completed in 0ms
13 timing config:load:file:/usr/local/etc/npmrc Completed in 0ms
14 timing config:load:global Completed in 0ms
15 timing config:load:setEnvs Completed in 1ms
16 timing config:load Completed in 6ms
17 timing npm:load:configload Completed in 6ms
18 timing npm:load:mkdirpcache Completed in 0ms
19 timing npm:load:mkdirplogs Completed in 0ms
20 verbose title npm install @react-three/fiber @react-three-drei maath react-tilt react-vertical-timeline-component @emailjs/browser framer-motion react-router-dom
21 verbose argv "install" "--legacy-peer-deps" "@react-three/fiber" "@react-three-drei" "maath" "react-tilt" "react-vertical-timeline-component" "@emailjs/browser" "framer-motion" "react-router-dom"
22 timing npm:load:setTitle Completed in 9ms
23 timing config:load:flatten Completed in 2ms
24 timing npm:load:display Completed in 2ms
25 verbose logfile logs-max:10 dir:/Users/lukeaustin/.npm/_logs/2023-07-24T20_01_08_696Z-
26 verbose logfile /Users/lukeaustin/.npm/_logs/2023-07-24T20_01_08_696Z-debug-0.log
27 timing npm:load:logFile Completed in 8ms
28 timing npm:load:timers Completed in 0ms
29 timing npm:load:configScope Completed in 0ms
30 timing npm:load Completed in 26ms
31 timing arborist:ctor Completed in 1ms
32 silly logfile done cleaning log files
33 timing idealTree:init Completed in 97ms
34 timing idealTree Completed in 98ms
35 timing command:install Completed in 104ms
36 verbose stack Error: Invalid tag name "@react-three-drei" of package "@react-three-drei": Tags may not have any characters that encodeURIComponent encodes.
36 verbose stack     at invalidTagName (/usr/local/lib/node_modules/npm/node_modules/npm-package-arg/lib/npa.js:118:15)
36 verbose stack     at fromRegistry (/usr/local/lib/node_modules/npm/node_modules/npm-package-arg/lib/npa.js:426:13)
36 verbose stack     at resolve (/usr/local/lib/node_modules/npm/node_modules/npm-package-arg/lib/npa.js:87:12)
36 verbose stack     at npa (/usr/local/lib/node_modules/npm/node_modules/npm-package-arg/lib/npa.js:53:10)
36 verbose stack     at /usr/local/lib/node_modules/npm/node_modules/@npmcli/arborist/lib/arborist/build-ideal-tree.js:519:18
36 verbose stack     at Array.map (<anonymous>)
36 verbose stack     at #add (/usr/local/lib/node_modules/npm/node_modules/@npmcli/arborist/lib/arborist/build-ideal-tree.js:516:27)
36 verbose stack     at #applyUserRequestsToNode (/usr/local/lib/node_modules/npm/node_modules/@npmcli/arborist/lib/arborist/build-ideal-tree.js:485:22)
36 verbose stack     at #applyUserRequests (/usr/local/lib/node_modules/npm/node_modules/@npmcli/arborist/lib/arborist/build-ideal-tree.js:420:42)
36 verbose stack     at Arborist.buildIdealTree (/usr/local/lib/node_modules/npm/node_modules/@npmcli/arborist/lib/arborist/build-ideal-tree.js:195:36)
37 verbose cwd /Users/lukeaustin/Desktop/3D Portfolio
38 verbose Darwin 22.4.0
39 verbose node v18.17.0
40 verbose npm  v9.6.7
41 error code EINVALIDTAGNAME
42 error Invalid tag name "@react-three-drei" of package "@react-three-drei": Tags may not have any characters that encodeURIComponent encodes.
43 verbose exit 1
44 timing npm Completed in 288ms
45 verbose unfinished npm timer reify 1690228868880
46 verbose unfinished npm timer reify:loadTrees 1690228868883
47 verbose unfinished npm timer idealTree:userRequests 1690228868980
48 verbose code 1
49 error A complete log of this run can be found in: /Users/lukeaustin/.npm/_logs/2023-07-24T20_01_08_696Z-debug-0.log
