0 verbose cli /usr/local/bin/node /usr/local/bin/npm
1 info using npm@9.6.7
2 info using node@v18.17.0
3 timing npm:load:whichnode Completed in 1ms
4 timing config:load:defaults Completed in 1ms
5 timing config:load:file:/usr/local/lib/node_modules/npm/npmrc Completed in 1ms
6 timing config:load:builtin Completed in 1ms
7 timing config:load:cli Completed in 1ms
8 timing config:load:env Completed in 1ms
9 timing config:load:file:/Users/lukeaustin/Library/Caches/typescript/4.7/.npmrc Completed in 0ms
10 timing config:load:project Completed in 1ms
11 timing config:load:file:/Users/lukeaustin/.npmrc Completed in 0ms
12 timing config:load:user Completed in 0ms
13 timing config:load:file:/usr/local/etc/npmrc Completed in 0ms
14 timing config:load:global Completed in 0ms
15 timing config:load:setEnvs Completed in 1ms
16 timing config:load Completed in 7ms
17 timing npm:load:configload Completed in 7ms
18 timing npm:load:mkdirpcache Completed in 0ms
19 timing npm:load:mkdirplogs Completed in 0ms
20 verbose title npm install types-registry@latest
21 verbose argv "install" "--ignore-scripts" "types-registry@latest"
22 timing npm:load:setTitle Completed in 8ms
23 timing config:load:flatten Completed in 2ms
24 timing npm:load:display Completed in 2ms
25 verbose logfile logs-max:10 dir:/Users/lukeaustin/.npm/_logs/2023-09-29T17_23_04_546Z-
26 verbose logfile /Users/lukeaustin/.npm/_logs/2023-09-29T17_23_04_546Z-debug-0.log
27 timing npm:load:logFile Completed in 7ms
28 timing npm:load:timers Completed in 1ms
29 timing npm:load:configScope Completed in 0ms
30 timing npm:load Completed in 26ms
31 timing arborist:ctor Completed in 0ms
32 silly logfile start cleaning logs, removing 1 files
33 timing idealTree:init Completed in 189ms
34 silly logfile done cleaning log files
35 timing arborist:ctor Completed in 0ms
36 http fetch GET 200 https://registry.npmjs.org/npm 402ms (cache revalidated)
37 http fetch GET 200 https://registry.npmjs.org/types-registry 274ms (cache updated)
38 timing idealTree:userRequests Completed in 277ms
39 silly idealTree buildDeps
40 silly fetch manifest types-registry@0.1.662
41 silly placeDep ROOT types-registry@0.1.662 REPLACE for:  want: 0.1.662
42 timing idealTree:#root Completed in 11ms
43 timing idealTree:node_modules/types-registry Completed in 0ms
44 timing idealTree:buildDeps Completed in 12ms
45 timing idealTree:fixDepFlags Completed in 3ms
46 timing idealTree Completed in 486ms
47 timing reify:loadTrees Completed in 487ms
48 timing reify:diffTrees Completed in 14ms
49 silly reify mark retired [
49 silly reify   '/Users/lukeaustin/Library/Caches/typescript/4.7/node_modules/types-registry'
49 silly reify ]
50 silly reify moves {
50 silly reify   '/Users/lukeaustin/Library/Caches/typescript/4.7/node_modules/types-registry': '/Users/lukeaustin/Library/Caches/typescript/4.7/node_modules/.types-registry-OYo1h6Eq'
50 silly reify }
51 timing reify:retireShallow Completed in 4ms
52 timing reify:createSparse Completed in 0ms
53 timing reify:loadBundles Completed in 0ms
54 silly audit bulk request {
54 silly audit   '@ampproject/remapping': [ '2.2.1' ],
54 silly audit   '@apideck/better-ajv-errors': [ '0.3.6' ],
54 silly audit   '@babel/code-frame': [ '7.22.5' ],
54 silly audit   '@babel/compat-data': [ '7.22.9' ],
54 silly audit   '@babel/core': [ '7.22.9' ],
54 silly audit   '@babel/generator': [ '7.22.9' ],
54 silly audit   '@babel/helper-annotate-as-pure': [ '7.22.5' ],
54 silly audit   '@babel/helper-builder-binary-assignment-operator-visitor': [ '7.22.5' ],
54 silly audit   '@babel/helper-compilation-targets': [ '7.22.9' ],
54 silly audit   '@babel/helper-create-class-features-plugin': [ '7.22.9' ],
54 silly audit   '@babel/helper-create-regexp-features-plugin': [ '7.22.9' ],
54 silly audit   '@babel/helper-define-polyfill-provider': [ '0.4.2' ],
54 silly audit   '@babel/helper-environment-visitor': [ '7.22.5' ],
54 silly audit   '@babel/helper-function-name': [ '7.22.5' ],
54 silly audit   '@babel/helper-hoist-variables': [ '7.22.5' ],
54 silly audit   '@babel/helper-member-expression-to-functions': [ '7.22.5' ],
54 silly audit   '@babel/helper-module-imports': [ '7.22.5' ],
54 silly audit   '@babel/helper-module-transforms': [ '7.22.9' ],
54 silly audit   '@babel/helper-optimise-call-expression': [ '7.22.5' ],
54 silly audit   '@babel/helper-plugin-utils': [ '7.22.5' ],
54 silly audit   '@babel/helper-remap-async-to-generator': [ '7.22.9' ],
54 silly audit   '@babel/helper-replace-supers': [ '7.22.9' ],
54 silly audit   '@babel/helper-simple-access': [ '7.22.5' ],
54 silly audit   '@babel/helper-skip-transparent-expression-wrappers': [ '7.22.5' ],
54 silly audit   '@babel/helper-split-export-declaration': [ '7.22.6' ],
54 silly audit   '@babel/helper-string-parser': [ '7.22.5' ],
54 silly audit   '@babel/helper-validator-identifier': [ '7.22.5' ],
54 silly audit   '@babel/helper-validator-option': [ '7.22.5' ],
54 silly audit   '@babel/helper-wrap-function': [ '7.22.9' ],
54 silly audit   '@babel/helpers': [ '7.22.6' ],
54 silly audit   '@babel/highlight': [ '7.22.5' ],
54 silly audit   '@babel/parser': [ '7.22.7' ],
54 silly audit   '@babel/plugin-bugfix-safari-id-destructuring-collision-in-function-expression': [ '7.22.5' ],
54 silly audit   '@babel/plugin-bugfix-v8-spread-parameters-in-optional-chaining': [ '7.22.5' ],
54 silly audit   '@babel/plugin-proposal-private-property-in-object': [ '7.21.0-placeholder-for-preset-env.2' ],
54 silly audit   '@babel/plugin-proposal-unicode-property-regex': [ '7.18.6' ],
54 silly audit   '@babel/plugin-syntax-async-generators': [ '7.8.4' ],
54 silly audit   '@babel/plugin-syntax-class-properties': [ '7.12.13' ],
54 silly audit   '@babel/plugin-syntax-class-static-block': [ '7.14.5' ],
54 silly audit   '@babel/plugin-syntax-dynamic-import': [ '7.8.3' ],
54 silly audit   '@babel/plugin-syntax-export-namespace-from': [ '7.8.3' ],
54 silly audit   '@babel/plugin-syntax-import-assertions': [ '7.22.5' ],
54 silly audit   '@babel/plugin-syntax-import-attributes': [ '7.22.5' ],
54 silly audit   '@babel/plugin-syntax-import-meta': [ '7.10.4' ],
54 silly audit   '@babel/plugin-syntax-json-strings': [ '7.8.3' ],
54 silly audit   '@babel/plugin-syntax-logical-assignment-operators': [ '7.10.4' ],
54 silly audit   '@babel/plugin-syntax-nullish-coalescing-operator': [ '7.8.3' ],
54 silly audit   '@babel/plugin-syntax-numeric-separator': [ '7.10.4' ],
54 silly audit   '@babel/plugin-syntax-object-rest-spread': [ '7.8.3' ],
54 silly audit   '@babel/plugin-syntax-optional-catch-binding': [ '7.8.3' ],
54 silly audit   '@babel/plugin-syntax-optional-chaining': [ '7.8.3' ],
54 silly audit   '@babel/plugin-syntax-private-property-in-object': [ '7.14.5' ],
54 silly audit   '@babel/plugin-syntax-top-level-await': [ '7.14.5' ],
54 silly audit   '@babel/plugin-syntax-unicode-sets-regex': [ '7.18.6' ],
54 silly audit   '@babel/plugin-transform-arrow-functions': [ '7.22.5' ],
54 silly audit   '@babel/plugin-transform-async-generator-functions': [ '7.22.7' ],
54 silly audit   '@babel/plugin-transform-async-to-generator': [ '7.22.5' ],
54 silly audit   '@babel/plugin-transform-block-scoped-functions': [ '7.22.5' ],
54 silly audit   '@babel/plugin-transform-block-scoping': [ '7.22.5' ],
54 silly audit   '@babel/plugin-transform-class-properties': [ '7.22.5' ],
54 silly audit   '@babel/plugin-transform-class-static-block': [ '7.22.5' ],
54 silly audit   '@babel/plugin-transform-classes': [ '7.22.6' ],
54 silly audit   '@babel/plugin-transform-computed-properties': [ '7.22.5' ],
54 silly audit   '@babel/plugin-transform-destructuring': [ '7.22.5' ],
54 silly audit   '@babel/plugin-transform-dotall-regex': [ '7.22.5' ],
54 silly audit   '@babel/plugin-transform-duplicate-keys': [ '7.22.5' ],
54 silly audit   '@babel/plugin-transform-dynamic-import': [ '7.22.5' ],
54 silly audit   '@babel/plugin-transform-exponentiation-operator': [ '7.22.5' ],
54 silly audit   '@babel/plugin-transform-export-namespace-from': [ '7.22.5' ],
54 silly audit   '@babel/plugin-transform-for-of': [ '7.22.5' ],
54 silly audit   '@babel/plugin-transform-function-name': [ '7.22.5' ],
54 silly audit   '@babel/plugin-transform-json-strings': [ '7.22.5' ],
54 silly audit   '@babel/plugin-transform-literals': [ '7.22.5' ],
54 silly audit   '@babel/plugin-transform-logical-assignment-operators': [ '7.22.5' ],
54 silly audit   '@babel/plugin-transform-member-expression-literals': [ '7.22.5' ],
54 silly audit   '@babel/plugin-transform-modules-amd': [ '7.22.5' ],
54 silly audit   '@babel/plugin-transform-modules-commonjs': [ '7.22.5' ],
54 silly audit   '@babel/plugin-transform-modules-systemjs': [ '7.22.5' ],
54 silly audit   '@babel/plugin-transform-modules-umd': [ '7.22.5' ],
54 silly audit   '@babel/plugin-transform-named-capturing-groups-regex': [ '7.22.5' ],
54 silly audit   '@babel/plugin-transform-new-target': [ '7.22.5' ],
54 silly audit   '@babel/plugin-transform-nullish-coalescing-operator': [ '7.22.5' ],
54 silly audit   '@babel/plugin-transform-numeric-separator': [ '7.22.5' ],
54 silly audit   '@babel/plugin-transform-object-rest-spread': [ '7.22.5' ],
54 silly audit   '@babel/plugin-transform-object-super': [ '7.22.5' ],
54 silly audit   '@babel/plugin-transform-optional-catch-binding': [ '7.22.5' ],
54 silly audit   '@babel/plugin-transform-optional-chaining': [ '7.22.6' ],
54 silly audit   '@babel/plugin-transform-parameters': [ '7.22.5' ],
54 silly audit   '@babel/plugin-transform-private-methods': [ '7.22.5' ],
54 silly audit   '@babel/plugin-transform-private-property-in-object': [ '7.22.5' ],
54 silly audit   '@babel/plugin-transform-property-literals': [ '7.22.5' ],
54 silly audit   '@babel/plugin-transform-regenerator': [ '7.22.5' ],
54 silly audit   '@babel/plugin-transform-reserved-words': [ '7.22.5' ],
54 silly audit   '@babel/plugin-transform-shorthand-properties': [ '7.22.5' ],
54 silly audit   '@babel/plugin-transform-spread': [ '7.22.5' ],
54 silly audit   '@babel/plugin-transform-sticky-regex': [ '7.22.5' ],
54 silly audit   '@babel/plugin-transform-template-literals': [ '7.22.5' ],
54 silly audit   '@babel/plugin-transform-typeof-symbol': [ '7.22.5' ],
54 silly audit   '@babel/plugin-transform-unicode-escapes': [ '7.22.5' ],
54 silly audit   '@babel/plugin-transform-unicode-property-regex': [ '7.22.5' ],
54 silly audit   '@babel/plugin-transform-unicode-regex': [ '7.22.5' ],
54 silly audit   '@babel/plugin-transform-unicode-sets-regex': [ '7.22.5' ],
54 silly audit   '@babel/preset-env': [ '7.22.9' ],
54 silly audit   '@babel/preset-modules': [ '0.1.6' ],
54 silly audit   '@babel/regjsgen': [ '0.8.0' ],
54 silly audit   '@babel/runtime': [ '7.22.6' ],
54 silly audit   '@babel/template': [ '7.22.5' ],
54 silly audit   '@babel/traverse': [ '7.22.8' ],
54 silly audit   '@babel/types': [ '7.22.5' ],
54 silly audit   '@jest/expect-utils': [ '29.6.1' ],
54 silly audit   '@jest/schemas': [ '29.6.0' ],
54 silly audit   '@jest/types': [ '29.6.1' ],
54 silly audit   'ansi-styles': [ '4.3.0', '3.2.1', '5.2.0' ],
54 silly audit   chalk: [ '4.1.2', '2.4.2' ],
54 silly audit   'color-convert': [ '2.0.1', '1.9.3' ],
54 silly audit   'color-name': [ '1.1.4', '1.1.3' ],
54 silly audit   'has-flag': [ '4.0.0', '3.0.0' ],
54 silly audit   'supports-color': [ '7.2.0', '5.5.0' ],
54 silly audit   '@jridgewell/gen-mapping': [ '0.3.3' ],
54 silly audit   '@jridgewell/resolve-uri': [ '3.1.0' ],
54 silly audit   '@jridgewell/set-array': [ '1.1.2' ],
54 silly audit   '@jridgewell/source-map': [ '0.3.5' ],
54 silly audit   '@jridgewell/sourcemap-codec': [ '1.4.15', '1.4.14' ],
54 silly audit   '@jridgewell/trace-mapping': [ '0.3.18' ],
54 silly audit   '@popperjs/core': [ '2.11.8' ],
54 silly audit   '@rollup/plugin-babel': [ '5.3.1' ],
54 silly audit   '@rollup/plugin-node-resolve': [ '11.2.1' ],
54 silly audit   '@rollup/plugin-replace': [ '2.4.2' ],
54 silly audit   '@rollup/pluginutils': [ '3.1.0' ],
54 silly audit   '@types/estree': [ '0.0.39', '1.0.1' ],
54 silly audit   '@sinclair/typebox': [ '0.27.8' ],
54 silly audit   '@surma/rollup-plugin-off-main-thread': [ '2.2.3' ],
54 silly audit   '@tweenjs/tween.js': [ '18.6.4' ],
54 silly audit   '@types/argparse': [ '2.0.10' ],
54 silly audit   '@types/asap': [ '2.0.0' ],
54 silly audit   '@types/babel__code-frame': [ '7.0.3' ],
54 silly audit   '@types/babel__core': [ '7.20.1' ],
54 silly audit   '@types/babel__generator': [ '7.6.4' ],
54 silly audit   '@types/babel__template': [ '7.4.1' ],
54 silly audit   '@types/babel__traverse': [ '7.20.1' ],
54 silly audit   '@types/balanced-match': [ '1.0.3' ],
54 silly audit   '@types/big.js': [ '6.1.6' ],
54 silly audit   '@types/bluebird': [ '3.5.38' ],
54 silly audit   '@types/body-parser': [ '1.19.2' ],
54 silly audit   '@types/boolbase': [ '1.0.1' ],
54 silly audit   '@types/bootstrap': [ '5.2.6' ],
54 silly audit   '@types/brace-expansion': [ '1.1.0' ],
54 silly audit   '@types/braces': [ '3.0.2' ],
54 silly audit   '@types/bytes': [ '3.1.1' ],
54 silly audit   '@types/camelcase-css': [ '2.0.0' ],
54 silly audit   '@types/caniuse-api': [ '3.0.2' ],
54 silly audit   '@types/co': [ '4.6.3' ],
54 silly audit   '@types/color-convert': [ '2.0.0' ],
54 silly audit   '@types/color-name': [ '1.1.1' ],
54 silly audit   '@types/combined-stream': [ '1.0.3' ],
54 silly audit   '@types/commondir': [ '1.0.0' ],
54 silly audit   '@types/compression': [ '1.7.2' ],
54 silly audit   '@types/concat-map': [ '0.0.1' ],
54 silly audit   '@types/connect': [ '3.4.35' ],
54 silly audit   '@types/cookie-signature': [ '1.1.0' ],
54 silly audit   '@types/cors': [ '2.8.13' ],
54 silly audit   '@types/cssesc': [ '3.0.0' ],
54 silly audit   '@types/data-urls': [ '3.0.1' ],
54 silly audit   '@types/dedent': [ '0.7.0' ],
54 silly audit   '@types/depd': [ '1.1.32' ],
54 silly audit   '@types/dir-glob': [ '2.0.1' ],
54 silly audit   '@types/dlv': [ '1.1.2' ],
54 silly audit   '@types/doctrine': [ '0.0.5' ],
54 silly audit   '@types/domexception': [ '4.0.0' ],
54 silly audit   '@types/ee-first': [ '1.1.0' ],
54 silly audit   '@types/encodeurl': [ '1.0.0' ],
54 silly audit   '@types/escape-html': [ '1.0.2' ],
54 silly audit   '@types/eslint': [ '8.44.0' ],
54 silly audit   '@types/esprima': [ '4.0.3' ],
54 silly audit   '@types/esutils': [ '2.0.0' ],
54 silly audit   '@types/etag': [ '1.8.1' ],
54 silly audit   '@types/exit': [ '0.1.31' ],
54 silly audit   '@types/express': [ '4.17.17' ],
54 silly audit   '@types/express-serve-static-core': [ '4.17.35' ],
54 silly audit   '@types/fast-levenshtein': [ '0.0.2' ],
54 silly audit   '@types/fb-watchman': [ '2.0.1' ],
54 silly audit   '@types/fill-range': [ '7.0.0' ],
54 silly audit   '@types/finalhandler': [ '1.2.0' ],
54 silly audit   '@types/forwarded': [ '0.1.0' ],
54 silly audit   '@types/fresh': [ '0.5.0' ],
54 silly audit   '@types/function-bind': [ '1.1.7' ],
54 silly audit   '@types/gensync': [ '1.0.0' ],
54 silly audit   '@types/glob-to-regexp': [ '0.4.1' ],
54 silly audit   '@types/global-modules': [ '2.0.0' ],
54 silly audit   '@types/global-prefix': [ '3.0.0' ],
54 silly audit   '@types/has': [ '1.0.0' ],
54 silly audit   '@types/he': [ '1.2.0' ],
54 silly audit   '@types/history': [ '4.7.11' ],
54 silly audit   '@types/http-errors': [ '2.0.1' ],
54 silly audit   '@types/http-proxy': [ '1.17.11' ],
54 silly audit   '@types/imurmurhash': [ '0.1.1' ],
54 silly audit   '@types/inherits': [ '0.0.30' ],
54 silly audit   '@types/ini': [ '1.3.31' ],
54 silly audit   '@types/invariant': [ '2.2.35' ],
54 silly audit   '@types/is-number': [ '7.0.3' ],
54 silly audit   '@types/is-typedarray': [ '1.0.0' ],
54 silly audit   '@types/isarray': [ '2.0.0' ],
54 silly audit   '@types/isexe': [ '2.0.1' ],
54 silly audit   '@types/istanbul-lib-coverage': [ '2.0.4' ],
54 silly audit   '@types/istanbul-lib-report': [ '3.0.0' ],
54 silly audit   '@types/istanbul-reports': [ '3.0.1' ],
54 silly audit   '@types/jest': [ '29.5.3' ],
54 silly audit   '@types/jsesc': [ '3.0.1' ],
54 silly audit   '@types/json-schema': [ '7.0.12' ],
54 silly audit   '@types/json-stable-stringify-without-jsonify': [ '1.0.0' ],
54 silly audit   '@types/kind-of': [ '6.0.0' ],
54 silly audit   '@types/language-tags': [ '1.0.1' ],
54 silly audit   '@types/lodash': [ '4.14.196' ],
54 silly audit   '@types/lodash.debounce': [ '4.0.7' ],
54 silly audit   '@types/lodash.memoize': [ '4.1.7' ],
54 silly audit   '@types/lodash.merge': [ '4.6.7' ],
54 silly audit   '@types/lodash.sortby': [ '4.7.7' ],
54 silly audit   '@types/lodash.uniq': [ '4.5.7' ],
54 silly audit   '@types/media-typer': [ '1.1.1' ],
54 silly audit   '@types/merge-descriptors': [ '1.0.1' ],
54 silly audit   '@types/merge-stream': [ '1.1.2' ],
54 silly audit   '@types/merge2': [ '1.4.1' ],
54 silly audit   '@types/methods': [ '1.1.1' ],
54 silly audit   '@types/mime': [ '3.0.1', '1.3.2' ],
54 silly audit   '@types/mime-types': [ '2.1.1' ],
54 silly audit   '@types/minimalistic-assert': [ '1.0.1' ],
54 silly audit   '@types/ms': [ '0.7.31' ],
54 silly audit   '@types/mz': [ '2.7.4' ],
54 silly audit   '@types/natural-compare': [ '1.4.1' ],
54 silly audit   '@types/natural-compare-lite': [ '1.4.0' ],
54 silly audit   '@types/node': [ '20.4.4' ],
54 silly audit   '@types/node-int64': [ '0.4.29' ],
54 silly audit   '@types/nodemailer': [ '6.4.9' ],
54 silly audit   '@types/normalize-path': [ '3.0.0' ],
54 silly audit   '@types/object-assign': [ '4.0.30' ],
54 silly audit   '@types/object-keys': [ '1.0.1' ],
54 silly audit   '@types/on-finished': [ '2.3.1' ],
54 silly audit   '@types/on-headers': [ '1.0.0' ],
54 silly audit   '@types/once': [ '1.4.0' ],
54 silly audit   '@types/parseurl': [ '1.3.1' ],
54 silly audit   '@types/path-is-absolute': [ '1.0.0' ],
54 silly audit   '@types/path-parse': [ '1.0.19' ],
54 silly audit   '@types/pify': [ '5.0.1' ],
54 silly audit   '@types/postcss-gap-properties': [ '2.0.1' ],
54 silly audit   '@types/prop-types': [ '15.7.5' ],
54 silly audit   '@types/proxy-addr': [ '2.0.0' ],
54 silly audit   '@types/q': [ '1.5.5' ],
54 silly audit   '@types/qs': [ '6.9.7' ],
54 silly audit   '@types/querystringify': [ '2.0.0' ],
54 silly audit   '@types/raf': [ '3.4.0' ],
54 silly audit   '@types/randombytes': [ '2.0.0' ],
54 silly audit   '@types/range-parser': [ '1.2.4' ],
54 silly audit   '@types/react': [ '18.2.21' ],
54 silly audit   '@types/react-bootstrap': [ '0.32.32' ],
54 silly audit   '@types/react-dom': [ '18.2.7' ],
54 silly audit   '@types/react-is': [ '18.2.1' ],
54 silly audit   '@types/react-lifecycles-compat': [ '3.0.1' ],
54 silly audit   '@types/react-mailchimp-subscribe': [ '2.1.1' ],
54 silly audit   '@types/react-router': [ '5.1.20' ],
54 silly audit   '@types/react-router-dom': [ '5.3.3' ],
54 silly audit   '@types/react-router-hash-link': [ '2.4.6' ],
54 silly audit   '@types/react-scroll': [ '1.8.7' ],
54 silly audit   '@types/react-transition-group': [ '4.4.6' ],
54 silly audit   '@types/react-vertical-timeline-component': [ '3.3.3' ],
54 silly audit   '@types/recursive-readdir': [ '2.2.1' ],
54 silly audit   '@types/regenerator-runtime': [ '0.13.1' ],
54 silly audit   '@types/relateurl': [ '0.2.29' ],
54 silly audit   '@types/require-directory': [ '2.1.2' ],
54 silly audit   '@types/require-from-string': [ '1.2.1' ],
54 silly audit   '@types/requires-port': [ '1.0.0' ],
54 silly audit   '@types/resolve': [ '1.17.1' ],
54 silly audit   '@types/run-parallel': [ '1.1.0' ],
54 silly audit   '@types/safer-buffer': [ '2.1.0' ],
54 silly audit   '@types/sax': [ '1.2.4' ],
54 silly audit   '@types/scheduler': [ '0.16.3' ],
54 silly audit   '@types/semver': [ '7.5.0' ],
54 silly audit   '@types/send': [ '0.17.1' ],
54 silly audit   '@types/serialize-javascript': [ '5.0.2' ],
54 silly audit   '@types/serve-index': [ '1.9.1' ],
54 silly audit   '@types/serve-static': [ '1.15.2' ],
54 silly audit   '@types/shebang-command': [ '1.2.0' ],
54 silly audit   '@types/signal-exit': [ '3.0.1' ],
54 silly audit   '@types/source-list-map': [ '0.1.2' ],
54 silly audit   '@types/sprintf-js': [ '1.1.2' ],
54 silly audit   '@types/stack-utils': [ '2.0.1' ],
54 silly audit   '@types/stats.js': [ '0.17.0' ],
54 silly audit   '@types/string-natural-compare': [ '3.0.2' ],
54 silly audit   '@types/stringify-object': [ '4.0.2' ],
54 silly audit   '@types/strip-final-newline': [ '3.0.0' ],
54 silly audit   '@types/supports-color': [ '8.1.1' ],
54 silly audit   '@types/svg-parser': [ '2.0.3' ],
54 silly audit   '@types/symbol-tree': [ '3.2.2' ],
54 silly audit   '@types/testing-library__jest-dom': [ '5.14.9' ],
54 silly audit   '@types/text-table': [ '0.2.2' ],
54 silly audit   '@types/three': [ '0.154.0' ],
54 silly audit   '@types/thunky': [ '1.1.0' ],
54 silly audit   '@types/to-regex-range': [ '5.0.0' ],
54 silly audit   '@types/toidentifier': [ '1.0.0' ],
54 silly audit   '@types/tr46': [ '3.0.0' ],
54 silly audit   '@types/trusted-types': [ '2.0.3' ],
54 silly audit   '@types/tryer': [ '1.0.2' ],
54 silly audit   '@types/type-detect': [ '4.0.1' ],
54 silly audit   '@types/type-is': [ '1.6.3' ],
54 silly audit   '@types/typedarray-to-buffer': [ '4.0.0' ],
54 silly audit   '@types/universalify': [ '1.0.0' ],
54 silly audit   '@types/util-deprecate': [ '1.0.0' ],
54 silly audit   '@types/utils-merge': [ '0.0.28' ],
54 silly audit   '@types/vary': [ '1.1.0' ],
54 silly audit   '@types/w3c-xmlserializer': [ '2.0.2' ],
54 silly audit   '@types/warning': [ '3.0.0' ],
54 silly audit   '@types/webidl-conversions': [ '7.0.0' ],
54 silly audit   '@types/webxr': [ '0.5.2' ],
54 silly audit   '@types/whatwg-encoding': [ '2.0.0' ],
54 silly audit   '@types/whatwg-mimetype': [ '3.0.0' ],
54 silly audit   '@types/whatwg-url': [ '11.0.0' ],
54 silly audit   '@types/workbox-background-sync': [ '4.3.2' ],
54 silly audit   '@types/workbox-broadcast-update': [ '4.3.1' ],
54 silly audit   '@types/workbox-build': [ '5.1.0' ],
54 silly audit   '@types/workbox-cacheable-response': [ '4.3.1' ],
54 silly audit   '@types/workbox-core': [ '4.3.1' ],
54 silly audit   '@types/workbox-expiration': [ '4.3.1' ],
54 silly audit   '@types/workbox-google-analytics': [ '4.3.1' ],
54 silly audit   '@types/workbox-navigation-preload': [ '4.3.0' ],
54 silly audit   '@types/workbox-precaching': [ '4.3.1' ],
54 silly audit   '@types/workbox-range-requests': [ '4.3.0' ],
54 silly audit   '@types/workbox-routing': [ '4.3.1' ],
54 silly audit   '@types/workbox-strategies': [ '4.3.1' ],
54 silly audit   '@types/workbox-streams': [ '4.3.0' ],
54 silly audit   '@types/workbox-sw': [ '4.3.3' ],
54 silly audit   '@types/wrap-ansi': [ '8.0.1' ],
54 silly audit   '@types/write-file-atomic': [ '4.0.0' ],
54 silly audit   '@types/xml-name-validator': [ '4.0.1' ],
54 silly audit   '@types/yallist': [ '4.0.1' ],
54 silly audit   '@types/yargs': [ '17.0.24' ],
54 silly audit   '@types/yargs-parser': [ '21.0.0' ],
54 silly audit   acorn: [ '8.10.0' ],
54 silly audit   ajv: [ '8.12.0' ],
54 silly audit   'array-buffer-byte-length': [ '1.0.0' ],
54 silly audit   'arraybuffer.prototype.slice': [ '1.0.1' ],
54 silly audit   async: [ '3.2.4' ],
54 silly audit   'at-least-node': [ '1.0.0' ],
54 silly audit   'available-typed-arrays': [ '1.0.5' ],
54 silly audit   'babel-plugin-polyfill-corejs2': [ '0.4.5' ],
54 silly audit   'babel-plugin-polyfill-corejs3': [ '0.8.3' ],
54 silly audit   'babel-plugin-polyfill-regenerator': [ '0.5.2' ],
54 silly audit   'balanced-match': [ '1.0.2' ],
54 silly audit   'brace-expansion': [ '1.1.11', '2.0.1' ],
54 silly audit   braces: [ '3.0.2' ],
54 silly audit   browserslist: [ '4.21.9' ],
54 silly audit   'buffer-from': [ '1.1.2' ],
54 silly audit   'builtin-modules': [ '3.3.0' ],
54 silly audit   'call-bind': [ '1.0.2' ],
54 silly audit   'caniuse-lite': [ '1.0.30001517' ],
54 silly audit   'ci-info': [ '3.8.0' ],
54 silly audit   commander: [ '2.20.3' ],
54 silly audit   'common-tags': [ '1.8.2' ],
54 silly audit   'concat-map': [ '0.0.1' ],
54 silly audit   'convert-source-map': [ '1.9.0' ],
54 silly audit   'core-js-compat': [ '3.31.1' ],
54 silly audit   'crypto-random-string': [ '2.0.0' ],
54 silly audit   csstype: [ '3.1.2' ],
54 silly audit   debug: [ '4.3.4' ],
54 silly audit   deepmerge: [ '4.3.1' ],
54 silly audit   'define-properties': [ '1.2.0' ],
54 silly audit   'diff-sequences': [ '29.4.3' ],
54 silly audit   ejs: [ '3.1.9' ],
54 silly audit   'electron-to-chromium': [ '1.4.471' ],
54 silly audit   'es-abstract': [ '1.22.1' ],
54 silly audit   'es-set-tostringtag': [ '2.0.1' ],
54 silly audit   'es-to-primitive': [ '1.2.1' ],
54 silly audit   escalade: [ '3.1.1' ],
54 silly audit   'escape-string-regexp': [ '1.0.5', '2.0.0' ],
54 silly audit   'estree-walker': [ '1.0.1' ],
54 silly audit   esutils: [ '2.0.3' ],
54 silly audit   expect: [ '29.6.1' ],
54 silly audit   'fast-deep-equal': [ '3.1.3' ],
54 silly audit   'fast-json-stable-stringify': [ '2.1.0' ],
54 silly audit   fflate: [ '0.6.10' ],
54 silly audit   filelist: [ '1.0.4' ],
54 silly audit   minimatch: [ '5.1.6', '3.1.2' ],
54 silly audit   'fill-range': [ '7.0.1' ],
54 silly audit   'for-each': [ '0.3.3' ],
54 silly audit   'fs-extra': [ '9.1.0' ],
54 silly audit   'fs.realpath': [ '1.0.0' ],
54 silly audit   fsevents: [ '2.3.2' ],
54 silly audit   'function-bind': [ '1.1.1' ],
54 silly audit   'function.prototype.name': [ '1.1.5' ],
54 silly audit   'functions-have-names': [ '1.2.3' ],
54 silly audit   gensync: [ '1.0.0-beta.2' ],
54 silly audit   'get-intrinsic': [ '1.2.1' ],
54 silly audit   'get-own-enumerable-property-symbols': [ '3.0.2' ],
54 silly audit   'get-symbol-description': [ '1.0.0' ],
54 silly audit   glob: [ '7.2.3' ],
54 silly audit   globals: [ '11.12.0' ],
54 silly audit   globalthis: [ '1.0.3' ],
54 silly audit   gopd: [ '1.0.1' ],
54 silly audit   'graceful-fs': [ '4.2.11' ],
54 silly audit   has: [ '1.0.3' ],
54 silly audit   'has-bigints': [ '1.0.2' ],
54 silly audit   'has-property-descriptors': [ '1.0.0' ],
54 silly audit   'has-proto': [ '1.0.1' ],
54 silly audit   'has-symbols': [ '1.0.3' ],
54 silly audit   'has-tostringtag': [ '1.0.0' ],
54 silly audit   idb: [ '7.1.1' ],
54 silly audit   inflight: [ '1.0.6' ],
54 silly audit   inherits: [ '2.0.4' ],
54 silly audit   'internal-slot': [ '1.0.5' ],
54 silly audit   'is-array-buffer': [ '3.0.2' ],
54 silly audit   'is-bigint': [ '1.0.4' ],
54 silly audit   'is-boolean-object': [ '1.1.2' ],
54 silly audit   'is-callable': [ '1.2.7' ],
54 silly audit   'is-core-module': [ '2.12.1' ],
54 silly audit   'is-date-object': [ '1.0.5' ],
54 silly audit   'is-module': [ '1.0.0' ],
54 silly audit   'is-negative-zero': [ '2.0.2' ],
54 silly audit   'is-number': [ '7.0.0' ],
54 silly audit   'is-number-object': [ '1.0.7' ],
54 silly audit   'is-obj': [ '1.0.1' ],
54 silly audit   'is-regex': [ '1.1.4' ],
54 silly audit   'is-regexp': [ '1.0.0' ],
54 silly audit   'is-shared-array-buffer': [ '1.0.2' ],
54 silly audit   'is-stream': [ '2.0.1' ],
54 silly audit   'is-string': [ '1.0.7' ],
54 silly audit   'is-symbol': [ '1.0.4' ],
54 silly audit   'is-typed-array': [ '1.1.12' ],
54 silly audit   'is-weakref': [ '1.0.2' ],
54 silly audit   isarray: [ '2.0.5' ],
54 silly audit   jake: [ '10.8.7' ],
54 silly audit   'jest-diff': [ '29.6.1' ],
54 silly audit   'jest-get-type': [ '29.4.3' ],
54 silly audit   'jest-matcher-utils': [ '29.6.1' ],
54 silly audit   'jest-message-util': [ '29.6.1' ],
54 silly audit   'jest-util': [ '29.6.1' ],
54 silly audit   'jest-worker': [ '26.6.2' ],
54 silly audit   'js-tokens': [ '4.0.0' ],
54 silly audit   jsesc: [ '2.5.2', '0.5.0' ],
54 silly audit   'json-schema': [ '0.4.0' ],
54 silly audit   'json-schema-traverse': [ '1.0.0' ],
54 silly audit   json5: [ '2.2.3' ],
54 silly audit   jsonfile: [ '6.1.0' ],
54 silly audit   jsonpointer: [ '5.0.1' ],
54 silly audit   leven: [ '3.1.0' ],
54 silly audit   'lil-gui': [ '0.17.0' ],
54 silly audit   lodash: [ '4.17.21' ],
54 silly audit   'lodash.debounce': [ '4.0.8' ],
54 silly audit   'lodash.sortby': [ '4.7.0' ],
54 silly audit   'lru-cache': [ '5.1.1' ],
54 silly audit   'magic-string': [ '0.25.9' ],
54 silly audit   'merge-stream': [ '2.0.0' ],
54 silly audit   meshoptimizer: [ '0.18.1' ],
54 silly audit   micromatch: [ '4.0.5' ],
54 silly audit   ms: [ '2.1.2' ],
54 silly audit   'node-releases': [ '2.0.13' ],
54 silly audit   'object-inspect': [ '1.12.3' ],
54 silly audit   'object-keys': [ '1.1.1' ],
54 silly audit   'object.assign': [ '4.1.4' ],
54 silly audit   once: [ '1.4.0' ],
54 silly audit   'path-is-absolute': [ '1.0.1' ],
54 silly audit   'path-parse': [ '1.0.7' ],
54 silly audit   picocolors: [ '0.2.1', '1.0.0' ],
54 silly audit   picomatch: [ '2.3.1' ],
54 silly audit   postcss: [ '7.0.39' ],
54 silly audit   'pretty-bytes': [ '5.6.0' ],
54 silly audit   'pretty-format': [ '29.6.1' ],
54 silly audit   punycode: [ '2.3.0' ],
54 silly audit   randombytes: [ '2.1.0' ],
54 silly audit   'react-is': [ '18.2.0' ],
54 silly audit   regenerate: [ '1.4.2' ],
54 silly audit   'regenerate-unicode-properties': [ '10.1.0' ],
54 silly audit   'regenerator-runtime': [ '0.13.11' ],
54 silly audit   'regenerator-transform': [ '0.15.1' ],
54 silly audit   'regexp.prototype.flags': [ '1.5.0' ],
54 silly audit   'regexpu-core': [ '5.3.2' ],
54 silly audit   regjsparser: [ '0.9.1' ],
54 silly audit   'require-from-string': [ '2.0.2' ],
54 silly audit   resolve: [ '1.22.2' ],
54 silly audit   rollup: [ '2.79.1' ],
54 silly audit   'rollup-plugin-terser': [ '7.0.2' ],
54 silly audit   'safe-array-concat': [ '1.0.0' ],
54 silly audit   'safe-buffer': [ '5.2.1' ],
54 silly audit   'safe-regex-test': [ '1.0.0' ],
54 silly audit   semver: [ '6.3.1' ],
54 silly audit   'serialize-javascript': [ '4.0.0' ],
54 silly audit   'side-channel': [ '1.0.4' ],
54 silly audit   slash: [ '3.0.0' ],
54 silly audit   'source-map': [ '0.6.1', '0.8.0-beta.0' ],
54 silly audit   'source-map-support': [ '0.5.21' ],
54 silly audit   'sourcemap-codec': [ '1.4.8' ],
54 silly audit   'stack-utils': [ '2.0.6' ],
54 silly audit   'string.prototype.matchall': [ '4.0.8' ],
54 silly audit   'string.prototype.trim': [ '1.2.7' ],
54 silly audit   'string.prototype.trimend': [ '1.0.6' ],
54 silly audit   'string.prototype.trimstart': [ '1.0.6' ],
54 silly audit   'stringify-object': [ '3.3.0' ],
54 silly audit   'strip-comments': [ '2.0.1' ],
54 silly audit   'supports-preserve-symlinks-flag': [ '1.0.0' ],
54 silly audit   'temp-dir': [ '2.0.0' ],
54 silly audit   tempy: [ '0.6.0' ],
54 silly audit   terser: [ '5.19.2' ],
54 silly audit   'to-fast-properties': [ '2.0.0' ],
54 silly audit   'to-regex-range': [ '5.0.1' ],
54 silly audit   tr46: [ '1.0.1' ],
54 silly audit   'type-fest': [ '0.16.0' ],
54 silly audit   'typed-array-buffer': [ '1.0.0' ],
54 silly audit   'typed-array-byte-length': [ '1.0.0' ],
54 silly audit   'typed-array-byte-offset': [ '1.0.0' ],
54 silly audit   'typed-array-length': [ '1.0.4' ],
54 silly audit   'unbox-primitive': [ '1.0.2' ],
54 silly audit   'unicode-canonical-property-names-ecmascript': [ '2.0.0' ],
54 silly audit   'unicode-match-property-ecmascript': [ '2.0.0' ],
54 silly audit   'unicode-match-property-value-ecmascript': [ '2.1.0' ],
54 silly audit   'unicode-property-aliases-ecmascript': [ '2.1.0' ],
54 silly audit   'unique-string': [ '2.0.0' ],
54 silly audit   universalify: [ '2.0.0' ],
54 silly audit   upath: [ '1.2.0' ],
54 silly audit   'update-browserslist-db': [ '1.0.11' ],
54 silly audit   'uri-js': [ '4.4.1' ],
54 silly audit   'webidl-conversions': [ '4.0.2' ],
54 silly audit   'whatwg-url': [ '7.1.0' ],
54 silly audit   'which-boxed-primitive': [ '1.0.2' ],
54 silly audit   'which-typed-array': [ '1.1.11' ],
54 silly audit   'workbox-background-sync': [ '7.0.0' ],
54 silly audit   'workbox-broadcast-update': [ '7.0.0' ],
54 silly audit   'workbox-build': [ '7.0.0' ],
54 silly audit   'workbox-cacheable-response': [ '7.0.0' ],
54 silly audit   'workbox-core': [ '7.0.0' ],
54 silly audit   'workbox-expiration': [ '7.0.0' ],
54 silly audit   'workbox-google-analytics': [ '7.0.0' ],
54 silly audit   'workbox-navigation-preload': [ '7.0.0' ],
54 silly audit   'workbox-precaching': [ '7.0.0' ],
54 silly audit   'workbox-range-requests': [ '7.0.0' ],
54 silly audit   'workbox-recipes': [ '7.0.0' ],
54 silly audit   'workbox-routing': [ '7.0.0' ],
54 silly audit   'workbox-strategies': [ '7.0.0' ],
54 silly audit   'workbox-streams': [ '7.0.0' ],
54 silly audit   'workbox-sw': [ '7.0.0' ],
54 silly audit   'workbox-window': [ '7.0.0' ],
54 silly audit   wrappy: [ '1.0.2' ],
54 silly audit   yallist: [ '3.1.1' ],
54 silly audit   'types-registry': [ '0.1.662' ]
54 silly audit }
55 silly tarball no local data for types-registry@https://registry.npmjs.org/types-registry/-/types-registry-0.1.662.tgz. Extracting by manifest.
56 http fetch GET 200 https://registry.npmjs.org/types-registry/-/types-registry-0.1.662.tgz 132ms (cache miss)
57 timing reifyNode:node_modules/types-registry Completed in 136ms
58 timing reify:unpack Completed in 136ms
59 timing reify:unretire Completed in 0ms
60 timing build:queue Completed in 0ms
61 timing build:deps Completed in 0ms
62 timing build Completed in 0ms
63 timing reify:build Completed in 1ms
64 timing reify:trash Completed in 1ms
65 timing reify:save Completed in 84ms
66 http fetch POST 200 https://registry.npmjs.org/-/npm/v1/security/advisories/bulk 263ms
67 timing auditReport:getReport Completed in 269ms
68 silly audit report {}
69 timing auditReport:init Completed in 0ms
70 timing reify:audit Completed in 270ms
71 timing reify Completed in 787ms
72 silly CHANGE node_modules/types-registry
73 timing command:install Completed in 793ms
74 notice
74 notice New major version of npm available! 9.6.7 -> 10.1.0
74 notice Changelog: <https://github.com/npm/cli/releases/tag/v10.1.0>
74 notice Run `npm install -g npm@10.1.0` to update!
74 notice
75 verbose exit 0
76 timing npm Completed in 986ms
77 info ok
