0 verbose cli /usr/local/bin/node /usr/local/bin/npm
1 info using npm@9.6.7
2 info using node@v18.17.0
3 timing npm:load:whichnode Completed in 0ms
4 timing config:load:defaults Completed in 1ms
5 timing config:load:file:/usr/local/lib/node_modules/npm/npmrc Completed in 0ms
6 timing config:load:builtin Completed in 0ms
7 timing config:load:cli Completed in 2ms
8 timing config:load:env Completed in 0ms
9 timing config:load:file:/Users/lukeaustin/Library/Caches/typescript/4.7/.npmrc Completed in 0ms
10 timing config:load:project Completed in 1ms
11 timing config:load:file:/Users/lukeaustin/.npmrc Completed in 0ms
12 timing config:load:user Completed in 0ms
13 timing config:load:file:/usr/local/etc/npmrc Completed in 0ms
14 timing config:load:global Completed in 0ms
15 timing config:load:setEnvs Completed in 1ms
16 timing config:load Completed in 5ms
17 timing npm:load:configload Completed in 5ms
18 timing npm:load:mkdirpcache Completed in 0ms
19 timing npm:load:mkdirplogs Completed in 1ms
20 verbose title npm install @types/react@ts4.7 @types/react-dom@ts4.7 @types/eslint@ts4.7
21 verbose argv "install" "--ignore-scripts" "@types/react@ts4.7" "@types/react-dom@ts4.7" "@types/eslint@ts4.7" "--save-dev" "--user-agent" "typesInstaller/4.7.3"
22 timing npm:load:setTitle Completed in 9ms
23 timing config:load:flatten Completed in 2ms
24 timing npm:load:display Completed in 3ms
25 verbose logfile logs-max:10 dir:/Users/lukeaustin/.npm/_logs/2023-07-24T19_53_07_774Z-
26 verbose logfile /Users/lukeaustin/.npm/_logs/2023-07-24T19_53_07_774Z-debug-0.log
27 timing npm:load:logFile Completed in 6ms
28 timing npm:load:timers Completed in 0ms
29 timing npm:load:configScope Completed in 0ms
30 timing npm:load Completed in 26ms
31 timing arborist:ctor Completed in 1ms
32 silly logfile done cleaning log files
33 timing idealTree:init Completed in 12ms
34 timing arborist:ctor Completed in 0ms
35 http fetch GET 200 https://registry.npmjs.org/@types%2feslint 123ms (cache miss)
36 http fetch GET 200 https://registry.npmjs.org/@types%2freact-dom 137ms (cache miss)
37 http fetch GET 200 https://registry.npmjs.org/@types%2freact 175ms (cache miss)
38 timing idealTree:userRequests Completed in 180ms
39 silly idealTree buildDeps
40 silly fetch manifest @types/eslint@8.44.0
41 silly fetch manifest @types/react-dom@18.2.7
42 silly fetch manifest @types/react@18.2.15
43 silly placeDep ROOT @types/eslint@8.44.0 OK for:  want: 8.44.0
44 silly fetch manifest @types/estree@*
45 silly fetch manifest @types/json-schema@*
46 silly placeDep ROOT @types/react@18.2.15 OK for:  want: 18.2.15
47 silly fetch manifest @types/prop-types@*
48 silly fetch manifest @types/scheduler@*
49 silly fetch manifest csstype@^3.0.2
50 silly placeDep ROOT @types/react-dom@18.2.7 OK for:  want: 18.2.7
51 http fetch GET 200 https://registry.npmjs.org/@types%2fjson-schema 47ms (cache miss)
52 http fetch GET 200 https://registry.npmjs.org/@types%2festree 51ms (cache miss)
53 http fetch GET 200 https://registry.npmjs.org/@types%2fprop-types 50ms (cache miss)
54 http fetch GET 200 https://registry.npmjs.org/csstype 136ms (cache miss)
55 http fetch GET 200 https://registry.npmjs.org/@types%2fscheduler 1324ms (cache miss)
56 timing idealTree:#root Completed in 1333ms
57 silly placeDep ROOT @types/estree@1.0.1 OK for: @types/eslint@8.44.0 want: *
58 silly placeDep ROOT @types/json-schema@7.0.12 OK for: @types/eslint@8.44.0 want: *
59 timing idealTree:node_modules/@types/eslint Completed in 6ms
60 timing idealTree:node_modules/@types/estree Completed in 0ms
61 timing idealTree:node_modules/@types/json-schema Completed in 0ms
62 silly placeDep ROOT @types/prop-types@15.7.5 OK for: @types/react@18.2.15 want: *
63 silly placeDep ROOT @types/scheduler@0.16.3 OK for: @types/react@18.2.15 want: *
64 silly placeDep ROOT csstype@3.1.2 OK for: @types/react@18.2.15 want: ^3.0.2
65 timing idealTree:node_modules/@types/react Completed in 7ms
66 timing idealTree:node_modules/@types/prop-types Completed in 0ms
67 timing idealTree:node_modules/@types/react-dom Completed in 0ms
68 timing idealTree:node_modules/@types/scheduler Completed in 0ms
69 timing idealTree:node_modules/csstype Completed in 0ms
70 timing idealTree:buildDeps Completed in 1347ms
71 timing idealTree:fixDepFlags Completed in 0ms
72 timing idealTree Completed in 1542ms
73 timing reify:loadTrees Completed in 1542ms
74 timing reify:diffTrees Completed in 2ms
75 silly reify moves {}
76 timing reify:retireShallow Completed in 1ms
77 timing reify:createSparse Completed in 1ms
78 timing reify:loadBundles Completed in 0ms
79 silly audit bulk request {
79 silly audit   'types-registry': [ '0.1.653' ],
79 silly audit   '@types/eslint': [ '8.44.0' ],
79 silly audit   '@types/react': [ '18.2.15' ],
79 silly audit   '@types/react-dom': [ '18.2.7' ],
79 silly audit   '@types/estree': [ '1.0.1' ],
79 silly audit   '@types/json-schema': [ '7.0.12' ],
79 silly audit   '@types/prop-types': [ '15.7.5' ],
79 silly audit   '@types/scheduler': [ '0.16.3' ],
79 silly audit   csstype: [ '3.1.2' ]
79 silly audit }
80 silly tarball no local data for @types/scheduler@https://registry.npmjs.org/@types/scheduler/-/scheduler-0.16.3.tgz. Extracting by manifest.
81 silly tarball no local data for csstype@https://registry.npmjs.org/csstype/-/csstype-3.1.2.tgz. Extracting by manifest.
82 silly tarball no local data for @types/prop-types@https://registry.npmjs.org/@types/prop-types/-/prop-types-15.7.5.tgz. Extracting by manifest.
83 silly tarball no local data for @types/eslint@https://registry.npmjs.org/@types/eslint/-/eslint-8.44.0.tgz. Extracting by manifest.
84 silly tarball no local data for @types/json-schema@https://registry.npmjs.org/@types/json-schema/-/json-schema-7.0.12.tgz. Extracting by manifest.
85 silly tarball no local data for @types/estree@https://registry.npmjs.org/@types/estree/-/estree-1.0.1.tgz. Extracting by manifest.
86 silly tarball no local data for @types/react@https://registry.npmjs.org/@types/react/-/react-18.2.15.tgz. Extracting by manifest.
87 silly tarball no local data for @types/react-dom@https://registry.npmjs.org/@types/react-dom/-/react-dom-18.2.7.tgz. Extracting by manifest.
88 http fetch GET 200 https://registry.npmjs.org/@types/prop-types/-/prop-types-15.7.5.tgz 64ms (cache miss)
89 timing reifyNode:node_modules/@types/prop-types Completed in 73ms
90 http fetch GET 200 https://registry.npmjs.org/@types/estree/-/estree-1.0.1.tgz 84ms (cache miss)
91 timing reifyNode:node_modules/@types/estree Completed in 94ms
92 http fetch GET 200 https://registry.npmjs.org/@types/json-schema/-/json-schema-7.0.12.tgz 85ms (cache miss)
93 timing reifyNode:node_modules/@types/json-schema Completed in 95ms
94 http fetch GET 200 https://registry.npmjs.org/@types/eslint/-/eslint-8.44.0.tgz 86ms (cache miss)
95 timing reifyNode:node_modules/@types/eslint Completed in 95ms
96 http fetch GET 200 https://registry.npmjs.org/@types/react-dom/-/react-dom-18.2.7.tgz 86ms (cache miss)
97 timing reifyNode:node_modules/@types/react-dom Completed in 97ms
98 http fetch GET 200 https://registry.npmjs.org/csstype/-/csstype-3.1.2.tgz 94ms (cache miss)
99 timing reifyNode:node_modules/csstype Completed in 103ms
100 http fetch GET 200 https://registry.npmjs.org/@types/react/-/react-18.2.15.tgz 94ms (cache miss)
101 timing reifyNode:node_modules/@types/react Completed in 104ms
102 http fetch GET 200 https://registry.npmjs.org/@types/scheduler/-/scheduler-0.16.3.tgz 233ms (cache miss)
103 timing reifyNode:node_modules/@types/scheduler Completed in 241ms
104 timing reify:unpack Completed in 241ms
105 timing reify:unretire Completed in 0ms
106 timing build:queue Completed in 0ms
107 timing build:deps Completed in 1ms
108 timing build Completed in 1ms
109 timing reify:build Completed in 1ms
110 timing reify:trash Completed in 0ms
111 timing reify:save Completed in 6ms
112 http fetch POST 200 https://registry.npmjs.org/-/npm/v1/security/advisories/bulk 279ms
113 timing auditReport:getReport Completed in 280ms
114 silly audit report {}
115 timing auditReport:init Completed in 0ms
116 timing reify:audit Completed in 280ms
117 timing reify Completed in 1830ms
118 silly ADD node_modules/csstype
119 silly ADD node_modules/@types/scheduler
120 silly ADD node_modules/@types/prop-types
121 silly ADD node_modules/@types/json-schema
122 silly ADD node_modules/@types/estree
123 silly ADD node_modules/@types/react-dom
124 silly ADD node_modules/@types/react
125 silly ADD node_modules/@types/eslint
126 timing command:install Completed in 1834ms
127 verbose exit 0
128 timing npm Completed in 1974ms
129 info ok
